{"C:\\Users\\Acer\\OneDrive\\Desktop\\3rdYear\\IT342SIA\\SplitShare\\web\\src\\App.tsx": {"path":"C:\\Users\\Acer\\OneDrive\\Desktop\\3rdYear\\IT342SIA\\SplitShare\\web\\src\\App.tsx","statementMap":{"0":{"start":{"line":17,"column":0},"end":{"line":17,"column":24}},"1":{"start":{"line":1,"column":0},"end":{"line":1,"column":74}},"2":{"start":{"line":2,"column":0},"end":{"line":2,"column":59}},"3":{"start":{"line":3,"column":0},"end":{"line":3,"column":71}},"4":{"start":{"line":4,"column":0},"end":{"line":4,"column":63}},"5":{"start":{"line":5,"column":0},"end":{"line":5,"column":65}},"6":{"start":{"line":6,"column":0},"end":{"line":6,"column":52}},"7":{"start":{"line":7,"column":0},"end":{"line":7,"column":58}},"8":{"start":{"line":8,"column":0},"end":{"line":8,"column":65}},"9":{"start":{"line":9,"column":0},"end":{"line":9,"column":56}},"10":{"start":{"line":10,"column":0},"end":{"line":10,"column":68}},"11":{"start":{"line":11,"column":0},"end":{"line":11,"column":62}},"12":{"start":{"line":12,"column":0},"end":{"line":12,"column":76}},"13":{"start":{"line":13,"column":0},"end":{"line":13,"column":59}},"14":{"start":{"line":14,"column":0},"end":{"line":14,"column":62}},"15":{"start":{"line":15,"column":0},"end":{"line":15,"column":53}},"16":{"start":{"line":18,"column":2},"end":{"line":52,"column":4}}},"fnMap":{"0":{"name":"App","decl":{"start":{"line":17,"column":24},"end":{"line":17,"column":27}},"loc":{"start":{"line":17,"column":27},"end":{"line":53,"column":1}}}},"branchMap":{},"s":{"0":0,"1":0,"2":0,"3":0,"4":0,"5":0,"6":0,"7":0,"8":0,"9":0,"10":0,"11":0,"12":0,"13":0,"14":0,"15":0,"16":0},"f":{"0":0},"b":{}}
,"C:\\Users\\Acer\\OneDrive\\Desktop\\3rdYear\\IT342SIA\\SplitShare\\web\\src\\features\\activity\\pages\\ActivityDetailsPage.tsx": {"path":"C:\\Users\\Acer\\OneDrive\\Desktop\\3rdYear\\IT342SIA\\SplitShare\\web\\src\\features\\activity\\pages\\ActivityDetailsPage.tsx","statementMap":{"0":{"start":{"line":9,"column":0},"end":{"line":9,"column":24}},"1":{"start":{"line":1,"column":0},"end":{"line":1,"column":44}},"2":{"start":{"line":2,"column":0},"end":{"line":2,"column":74}},"3":{"start":{"line":3,"column":0},"end":{"line":3,"column":49}},"4":{"start":{"line":4,"column":0},"end":{"line":4,"column":70}},"5":{"start":{"line":5,"column":0},"end":{"line":5,"column":64}},"6":{"start":{"line":7,"column":0},"end":{"line":7,"column":70}},"7":{"start":{"line":10,"column":19},"end":{"line":10,"column":32}},"8":{"start":{"line":11,"column":19},"end":{"line":11,"column":28}},"9":{"start":{"line":12,"column":34},"end":{"line":12,"column":45}},"10":{"start":{"line":13,"column":13},"end":{"line":13,"column":31}},"11":{"start":{"line":14,"column":14},"end":{"line":14,"column":29}},"12":{"start":{"line":16,"column":32},"end":{"line":16,"column":65}},"13":{"start":{"line":17,"column":32},"end":{"line":17,"column":46}},"14":{"start":{"line":18,"column":28},"end":{"line":18,"column":40}},"15":{"start":{"line":19,"column":44},"end":{"line":19,"column":59}},"16":{"start":{"line":20,"column":54},"end":{"line":20,"column":69}},"17":{"start":{"line":21,"column":46},"end":{"line":21,"column":61}},"18":{"start":{"line":22,"column":30},"end":{"line":22,"column":45}},"19":{"start":{"line":23,"column":36},"end":{"line":23,"column":48}},"20":{"start":{"line":24,"column":32},"end":{"line":24,"column":44}},"21":{"start":{"line":26,"column":2},"end":{"line":38,"column":11}},"22":{"start":{"line":27,"column":4},"end":{"line":27,"column":37}},"23":{"start":{"line":27,"column":30},"end":{"line":27,"column":37}},"24":{"start":{"line":29,"column":4},"end":{"line":29,"column":21}},"25":{"start":{"line":30,"column":4},"end":{"line":30,"column":17}},"26":{"start":{"line":31,"column":4},"end":{"line":37,"column":40}},"27":{"start":{"line":32,"column":26},"end":{"line":32,"column":65}},"28":{"start":{"line":34,"column":24},"end":{"line":34,"column":123}},"29":{"start":{"line":35,"column":8},"end":{"line":35,"column":63}},"30":{"start":{"line":37,"column":21},"end":{"line":37,"column":38}},"31":{"start":{"line":40,"column":2},"end":{"line":42,"column":3}},"32":{"start":{"line":41,"column":4},"end":{"line":41,"column":47}},"33":{"start":{"line":44,"column":2},"end":{"line":46,"column":3}},"34":{"start":{"line":45,"column":4},"end":{"line":45,"column":132}},"35":{"start":{"line":48,"column":2},"end":{"line":50,"column":3}},"36":{"start":{"line":49,"column":4},"end":{"line":49,"column":111}},"37":{"start":{"line":52,"column":2},"end":{"line":54,"column":3}},"38":{"start":{"line":53,"column":4},"end":{"line":53,"column":91}},"39":{"start":{"line":56,"column":17},"end":{"line":56,"column":24}},"40":{"start":{"line":57,"column":18},"end":{"line":57,"column":88}},"41":{"start":{"line":59,"column":30},"end":{"line":73,"column":4}},"42":{"start":{"line":59,"column":130},"end":{"line":73,"column":4}},"43":{"start":{"line":60,"column":4},"end":{"line":60,"column":20}},"44":{"start":{"line":61,"column":4},"end":{"line":61,"column":21}},"45":{"start":{"line":62,"column":4},"end":{"line":62,"column":19}},"46":{"start":{"line":63,"column":4},"end":{"line":72,"column":5}},"47":{"start":{"line":64,"column":23},"end":{"line":64,"column":66}},"48":{"start":{"line":65,"column":6},"end":{"line":65,"column":45}},"49":{"start":{"line":66,"column":6},"end":{"line":66,"column":50}},"50":{"start":{"line":67,"column":6},"end":{"line":67,"column":30}},"51":{"start":{"line":69,"column":6},"end":{"line":69,"column":151}},"52":{"start":{"line":71,"column":6},"end":{"line":71,"column":23}},"53":{"start":{"line":75,"column":30},"end":{"line":93,"column":4}},"54":{"start":{"line":75,"column":41},"end":{"line":93,"column":4}},"55":{"start":{"line":76,"column":4},"end":{"line":76,"column":56}},"56":{"start":{"line":76,"column":49},"end":{"line":76,"column":56}},"57":{"start":{"line":78,"column":4},"end":{"line":78,"column":20}},"58":{"start":{"line":79,"column":4},"end":{"line":79,"column":21}},"59":{"start":{"line":80,"column":4},"end":{"line":80,"column":19}},"60":{"start":{"line":81,"column":4},"end":{"line":92,"column":5}},"61":{"start":{"line":82,"column":6},"end":{"line":82,"column":41}},"62":{"start":{"line":83,"column":6},"end":{"line":87,"column":7}},"63":{"start":{"line":84,"column":8},"end":{"line":84,"column":54}},"64":{"start":{"line":86,"column":8},"end":{"line":86,"column":49}},"65":{"start":{"line":89,"column":6},"end":{"line":89,"column":151}},"66":{"start":{"line":91,"column":6},"end":{"line":91,"column":23}},"67":{"start":{"line":95,"column":19},"end":{"line":95,"column":34}},"68":{"start":{"line":97,"column":2},"end":{"line":237,"column":4}},"69":{"start":{"line":152,"column":18},"end":{"line":152,"column":42}},"70":{"start":{"line":153,"column":18},"end":{"line":153,"column":46}},"71":{"start":{"line":168,"column":29},"end":{"line":168,"column":51}},"72":{"start":{"line":195,"column":23},"end":{"line":195,"column":46}},"73":{"start":{"line":203,"column":12},"end":{"line":203,"column":41}},"74":{"start":{"line":204,"column":12},"end":{"line":204,"column":37}},"75":{"start":{"line":209,"column":32},"end":{"line":209,"column":55}},"76":{"start":{"line":214,"column":16},"end":{"line":214,"column":45}},"77":{"start":{"line":215,"column":16},"end":{"line":215,"column":41}},"78":{"start":{"line":229,"column":28},"end":{"line":229,"column":52}},"79":{"start":{"line":230,"column":29},"end":{"line":230,"column":53}}},"fnMap":{"0":{"name":"ActivityDetailsPage","decl":{"start":{"line":9,"column":24},"end":{"line":9,"column":43}},"loc":{"start":{"line":9,"column":43},"end":{"line":238,"column":1}}},"1":{"name":"(anonymous_9)","decl":{"start":{"line":26,"column":12},"end":{"line":26,"column":15}},"loc":{"start":{"line":26,"column":17},"end":{"line":38,"column":3}}},"2":{"name":"(anonymous_10)","decl":{"start":{"line":32,"column":12},"end":{"line":32,"column":13}},"loc":{"start":{"line":32,"column":25},"end":{"line":32,"column":65}}},"3":{"name":"(anonymous_11)","decl":{"start":{"line":33,"column":13},"end":{"line":33,"column":14}},"loc":{"start":{"line":33,"column":30},"end":{"line":36,"column":7}}},"4":{"name":"(anonymous_12)","decl":{"start":{"line":37,"column":15},"end":{"line":37,"column":18}},"loc":{"start":{"line":37,"column":21},"end":{"line":37,"column":38}}},"5":{"name":"(anonymous_13)","decl":{"start":{"line":59,"column":30},"end":{"line":59,"column":37}},"loc":{"start":{"line":59,"column":130},"end":{"line":73,"column":4}}},"6":{"name":"(anonymous_14)","decl":{"start":{"line":59,"column":130},"end":{"line":59,"column":null}},"loc":{"start":{"line":59,"column":130},"end":{"line":73,"column":3}}},"7":{"name":"(anonymous_15)","decl":{"start":{"line":75,"column":30},"end":{"line":75,"column":39}},"loc":{"start":{"line":75,"column":41},"end":{"line":93,"column":4}}},"8":{"name":"(anonymous_16)","decl":{"start":{"line":75,"column":41},"end":{"line":75,"column":null}},"loc":{"start":{"line":75,"column":41},"end":{"line":93,"column":3}}},"9":{"name":"(anonymous_17)","decl":{"start":{"line":151,"column":25},"end":{"line":151,"column":28}},"loc":{"start":{"line":151,"column":30},"end":{"line":154,"column":17}}},"10":{"name":"(anonymous_18)","decl":{"start":{"line":168,"column":23},"end":{"line":168,"column":26}},"loc":{"start":{"line":168,"column":29},"end":{"line":168,"column":51}}},"11":{"name":"(anonymous_19)","decl":{"start":{"line":195,"column":17},"end":{"line":195,"column":20}},"loc":{"start":{"line":195,"column":23},"end":{"line":195,"column":46}}},"12":{"name":"(anonymous_20)","decl":{"start":{"line":202,"column":19},"end":{"line":202,"column":22}},"loc":{"start":{"line":202,"column":24},"end":{"line":205,"column":11}}},"13":{"name":"(anonymous_21)","decl":{"start":{"line":209,"column":21},"end":{"line":209,"column":22}},"loc":{"start":{"line":209,"column":32},"end":{"line":209,"column":55}}},"14":{"name":"(anonymous_22)","decl":{"start":{"line":213,"column":23},"end":{"line":213,"column":26}},"loc":{"start":{"line":213,"column":28},"end":{"line":216,"column":15}}},"15":{"name":"(anonymous_23)","decl":{"start":{"line":229,"column":22},"end":{"line":229,"column":25}},"loc":{"start":{"line":229,"column":28},"end":{"line":229,"column":52}}},"16":{"name":"(anonymous_24)","decl":{"start":{"line":230,"column":23},"end":{"line":230,"column":26}},"loc":{"start":{"line":230,"column":29},"end":{"line":230,"column":53}}}},"branchMap":{"0":{"loc":{"start":{"line":27,"column":4},"end":{"line":27,"column":37}},"type":"if","locations":[{"start":{"line":27,"column":4},"end":{"line":27,"column":37}}]},"1":{"loc":{"start":{"line":32,"column":37},"end":{"line":32,"column":63}},"type":"cond-expr","locations":[{"start":{"line":32,"column":55},"end":{"line":32,"column":59}},{"start":{"line":32,"column":59},"end":{"line":32,"column":63}}]},"2":{"loc":{"start":{"line":32,"column":37},"end":{"line":32,"column":59}},"type":"binary-expr","locations":[{"start":{"line":32,"column":37},"end":{"line":32,"column":59}},{"start":{"line":32,"column":55},"end":{"line":32,"column":59}}]},"3":{"loc":{"start":{"line":34,"column":24},"end":{"line":34,"column":123}},"type":"cond-expr","locations":[{"start":{"line":34,"column":114},"end":{"line":34,"column":116}},{"start":{"line":34,"column":114},"end":{"line":34,"column":123}}]},"4":{"loc":{"start":{"line":34,"column":24},"end":{"line":34,"column":116}},"type":"binary-expr","locations":[{"start":{"line":34,"column":24},"end":{"line":34,"column":116}},{"start":{"line":34,"column":114},"end":{"line":34,"column":116}}]},"5":{"loc":{"start":{"line":34,"column":24},"end":{"line":34,"column":114}},"type":"cond-expr","locations":[{"start":{"line":34,"column":107},"end":{"line":34,"column":109}},{"start":{"line":34,"column":107},"end":{"line":34,"column":114}}]},"6":{"loc":{"start":{"line":34,"column":24},"end":{"line":34,"column":109}},"type":"binary-expr","locations":[{"start":{"line":34,"column":24},"end":{"line":34,"column":109}},{"start":{"line":34,"column":107},"end":{"line":34,"column":109}}]},"7":{"loc":{"start":{"line":34,"column":24},"end":{"line":34,"column":107}},"type":"cond-expr","locations":[{"start":{"line":34,"column":101},"end":{"line":34,"column":103}},{"start":{"line":34,"column":101},"end":{"line":34,"column":107}}]},"8":{"loc":{"start":{"line":34,"column":24},"end":{"line":34,"column":103}},"type":"binary-expr","locations":[{"start":{"line":34,"column":24},"end":{"line":34,"column":103}},{"start":{"line":34,"column":101},"end":{"line":34,"column":103}}]},"9":{"loc":{"start":{"line":34,"column":25},"end":{"line":34,"column":101}},"type":"cond-expr","locations":[{"start":{"line":34,"column":28},"end":{"line":34,"column":91}},{"start":{"line":34,"column":25},"end":{"line":34,"column":101}}]},"10":{"loc":{"start":{"line":34,"column":25},"end":{"line":34,"column":91}},"type":"binary-expr","locations":[{"start":{"line":34,"column":25},"end":{"line":34,"column":93}},{"start":{"line":34,"column":25},"end":{"line":34,"column":91}}]},"11":{"loc":{"start":{"line":35,"column":17},"end":{"line":35,"column":61}},"type":"cond-expr","locations":[{"start":{"line":35,"column":17},"end":{"line":35,"column":24}},{"start":{"line":35,"column":28},"end":{"line":35,"column":61}}]},"12":{"loc":{"start":{"line":35,"column":17},"end":{"line":35,"column":28}},"type":"binary-expr","locations":[{"start":{"line":35,"column":17},"end":{"line":35,"column":28}},{"start":{"line":35,"column":17},"end":{"line":35,"column":28}}]},"13":{"loc":{"start":{"line":40,"column":2},"end":{"line":42,"column":3}},"type":"if","locations":[{"start":{"line":40,"column":2},"end":{"line":42,"column":3}}]},"14":{"loc":{"start":{"line":44,"column":2},"end":{"line":46,"column":3}},"type":"if","locations":[{"start":{"line":44,"column":2},"end":{"line":46,"column":3}}]},"15":{"loc":{"start":{"line":48,"column":2},"end":{"line":50,"column":3}},"type":"if","locations":[{"start":{"line":48,"column":2},"end":{"line":50,"column":3}}]},"16":{"loc":{"start":{"line":52,"column":2},"end":{"line":54,"column":3}},"type":"if","locations":[{"start":{"line":52,"column":2},"end":{"line":54,"column":3}}]},"17":{"loc":{"start":{"line":53,"column":25},"end":{"line":53,"column":78}},"type":"cond-expr","locations":[{"start":{"line":53,"column":48},"end":{"line":53,"column":64}},{"start":{"line":53,"column":67},"end":{"line":53,"column":78}}]},"18":{"loc":{"start":{"line":57,"column":56},"end":{"line":57,"column":73}},"type":"cond-expr","locations":[{"start":{"line":57,"column":67},"end":{"line":57,"column":71}},{"start":{"line":57,"column":71},"end":{"line":57,"column":73}}]},"19":{"loc":{"start":{"line":57,"column":56},"end":{"line":57,"column":71}},"type":"binary-expr","locations":[{"start":{"line":57,"column":56},"end":{"line":57,"column":71}},{"start":{"line":57,"column":67},"end":{"line":57,"column":71}}]},"20":{"loc":{"start":{"line":57,"column":56},"end":{"line":57,"column":67}},"type":"cond-expr","locations":[{"start":{"line":57,"column":60},"end":{"line":57,"column":62}},{"start":{"line":57,"column":56},"end":{"line":57,"column":67}}]},"21":{"loc":{"start":{"line":57,"column":56},"end":{"line":57,"column":62}},"type":"binary-expr","locations":[{"start":{"line":57,"column":56},"end":{"line":57,"column":62}},{"start":{"line":57,"column":56},"end":{"line":57,"column":62}}]},"22":{"loc":{"start":{"line":65,"column":17},"end":{"line":65,"column":43}},"type":"cond-expr","locations":[{"start":{"line":65,"column":35},"end":{"line":65,"column":39}},{"start":{"line":65,"column":39},"end":{"line":65,"column":43}}]},"23":{"loc":{"start":{"line":65,"column":17},"end":{"line":65,"column":39}},"type":"binary-expr","locations":[{"start":{"line":65,"column":17},"end":{"line":65,"column":39}},{"start":{"line":65,"column":35},"end":{"line":65,"column":39}}]},"24":{"loc":{"start":{"line":69,"column":19},"end":{"line":69,"column":149}},"type":"cond-expr","locations":[{"start":{"line":69,"column":118},"end":{"line":69,"column":122}},{"start":{"line":69,"column":122},"end":{"line":69,"column":149}}]},"25":{"loc":{"start":{"line":69,"column":19},"end":{"line":69,"column":122}},"type":"binary-expr","locations":[{"start":{"line":69,"column":19},"end":{"line":69,"column":122}},{"start":{"line":69,"column":118},"end":{"line":69,"column":122}}]},"26":{"loc":{"start":{"line":69,"column":19},"end":{"line":69,"column":118}},"type":"cond-expr","locations":[{"start":{"line":69,"column":109},"end":{"line":69,"column":111}},{"start":{"line":69,"column":109},"end":{"line":69,"column":118}}]},"27":{"loc":{"start":{"line":69,"column":19},"end":{"line":69,"column":111}},"type":"binary-expr","locations":[{"start":{"line":69,"column":19},"end":{"line":69,"column":111}},{"start":{"line":69,"column":109},"end":{"line":69,"column":111}}]},"28":{"loc":{"start":{"line":69,"column":19},"end":{"line":69,"column":109}},"type":"cond-expr","locations":[{"start":{"line":69,"column":102},"end":{"line":69,"column":104}},{"start":{"line":69,"column":102},"end":{"line":69,"column":109}}]},"29":{"loc":{"start":{"line":69,"column":19},"end":{"line":69,"column":104}},"type":"binary-expr","locations":[{"start":{"line":69,"column":19},"end":{"line":69,"column":104}},{"start":{"line":69,"column":102},"end":{"line":69,"column":104}}]},"30":{"loc":{"start":{"line":69,"column":19},"end":{"line":69,"column":102}},"type":"cond-expr","locations":[{"start":{"line":69,"column":96},"end":{"line":69,"column":98}},{"start":{"line":69,"column":96},"end":{"line":69,"column":102}}]},"31":{"loc":{"start":{"line":69,"column":19},"end":{"line":69,"column":98}},"type":"binary-expr","locations":[{"start":{"line":69,"column":19},"end":{"line":69,"column":98}},{"start":{"line":69,"column":96},"end":{"line":69,"column":98}}]},"32":{"loc":{"start":{"line":69,"column":20},"end":{"line":69,"column":96}},"type":"cond-expr","locations":[{"start":{"line":69,"column":23},"end":{"line":69,"column":86}},{"start":{"line":69,"column":20},"end":{"line":69,"column":96}}]},"33":{"loc":{"start":{"line":69,"column":20},"end":{"line":69,"column":86}},"type":"binary-expr","locations":[{"start":{"line":69,"column":20},"end":{"line":69,"column":88}},{"start":{"line":69,"column":20},"end":{"line":69,"column":86}}]},"34":{"loc":{"start":{"line":76,"column":4},"end":{"line":76,"column":56}},"type":"if","locations":[{"start":{"line":76,"column":4},"end":{"line":76,"column":56}}]},"35":{"loc":{"start":{"line":83,"column":6},"end":{"line":87,"column":7}},"type":"if","locations":[{"start":{"line":83,"column":6},"end":{"line":87,"column":7}},{"start":{"line":85,"column":13},"end":{"line":87,"column":7}}]},"36":{"loc":{"start":{"line":89,"column":19},"end":{"line":89,"column":149}},"type":"cond-expr","locations":[{"start":{"line":89,"column":118},"end":{"line":89,"column":122}},{"start":{"line":89,"column":122},"end":{"line":89,"column":149}}]},"37":{"loc":{"start":{"line":89,"column":19},"end":{"line":89,"column":122}},"type":"binary-expr","locations":[{"start":{"line":89,"column":19},"end":{"line":89,"column":122}},{"start":{"line":89,"column":118},"end":{"line":89,"column":122}}]},"38":{"loc":{"start":{"line":89,"column":19},"end":{"line":89,"column":118}},"type":"cond-expr","locations":[{"start":{"line":89,"column":109},"end":{"line":89,"column":111}},{"start":{"line":89,"column":109},"end":{"line":89,"column":118}}]},"39":{"loc":{"start":{"line":89,"column":19},"end":{"line":89,"column":111}},"type":"binary-expr","locations":[{"start":{"line":89,"column":19},"end":{"line":89,"column":111}},{"start":{"line":89,"column":109},"end":{"line":89,"column":111}}]},"40":{"loc":{"start":{"line":89,"column":19},"end":{"line":89,"column":109}},"type":"cond-expr","locations":[{"start":{"line":89,"column":102},"end":{"line":89,"column":104}},{"start":{"line":89,"column":102},"end":{"line":89,"column":109}}]},"41":{"loc":{"start":{"line":89,"column":19},"end":{"line":89,"column":104}},"type":"binary-expr","locations":[{"start":{"line":89,"column":19},"end":{"line":89,"column":104}},{"start":{"line":89,"column":102},"end":{"line":89,"column":104}}]},"42":{"loc":{"start":{"line":89,"column":19},"end":{"line":89,"column":102}},"type":"cond-expr","locations":[{"start":{"line":89,"column":96},"end":{"line":89,"column":98}},{"start":{"line":89,"column":96},"end":{"line":89,"column":102}}]},"43":{"loc":{"start":{"line":89,"column":19},"end":{"line":89,"column":98}},"type":"binary-expr","locations":[{"start":{"line":89,"column":19},"end":{"line":89,"column":98}},{"start":{"line":89,"column":96},"end":{"line":89,"column":98}}]},"44":{"loc":{"start":{"line":89,"column":20},"end":{"line":89,"column":96}},"type":"cond-expr","locations":[{"start":{"line":89,"column":23},"end":{"line":89,"column":86}},{"start":{"line":89,"column":20},"end":{"line":89,"column":96}}]},"45":{"loc":{"start":{"line":89,"column":20},"end":{"line":89,"column":86}},"type":"binary-expr","locations":[{"start":{"line":89,"column":20},"end":{"line":89,"column":88}},{"start":{"line":89,"column":20},"end":{"line":89,"column":86}}]},"46":{"loc":{"start":{"line":105,"column":14},"end":{"line":105,"column":67}},"type":"cond-expr","locations":[{"start":{"line":105,"column":37},"end":{"line":105,"column":53}},{"start":{"line":105,"column":56},"end":{"line":105,"column":67}}]},"47":{"loc":{"start":{"line":112,"column":7},"end":{"line":112,"column":125}},"type":"binary-expr","locations":[{"start":{"line":112,"column":7},"end":{"line":112,"column":14}},{"start":{"line":112,"column":18},"end":{"line":112,"column":125}}]},"48":{"loc":{"start":{"line":113,"column":7},"end":{"line":113,"column":123}},"type":"binary-expr","locations":[{"start":{"line":113,"column":7},"end":{"line":113,"column":16}},{"start":{"line":113,"column":20},"end":{"line":113,"column":123}}]},"49":{"loc":{"start":{"line":132,"column":66},"end":{"line":132,"column":98}},"type":"cond-expr","locations":[{"start":{"line":132,"column":77},"end":{"line":132,"column":86}},{"start":{"line":132,"column":89},"end":{"line":132,"column":98}}]},"50":{"loc":{"start":{"line":138,"column":68},"end":{"line":138,"column":100}},"type":"cond-expr","locations":[{"start":{"line":138,"column":79},"end":{"line":138,"column":88}},{"start":{"line":138,"column":91},"end":{"line":138,"column":100}}]},"51":{"loc":{"start":{"line":139,"column":15},"end":{"line":139,"column":44}},"type":"cond-expr","locations":[{"start":{"line":139,"column":26},"end":{"line":139,"column":34}},{"start":{"line":139,"column":37},"end":{"line":139,"column":44}}]},"52":{"loc":{"start":{"line":144,"column":67},"end":{"line":144,"column":91}},"type":"binary-expr","locations":[{"start":{"line":144,"column":67},"end":{"line":144,"column":82}},{"start":{"line":144,"column":86},"end":{"line":144,"column":91}}]},"53":{"loc":{"start":{"line":148,"column":13},"end":{"line":160,"column":null}},"type":"cond-expr","locations":[{"start":{"line":149,"column":14},"end":{"line":155,"column":null}},{"start":{"line":160,"column":14},"end":{"line":160,"column":80}}]},"54":{"loc":{"start":{"line":165,"column":9},"end":{"line":180,"column":null}},"type":"binary-expr","locations":[{"start":{"line":165,"column":9},"end":{"line":165,"column":16}},{"start":{"line":166,"column":10},"end":{"line":179,"column":null}}]},"55":{"loc":{"start":{"line":199,"column":7},"end":{"line":234,"column":null}},"type":"binary-expr","locations":[{"start":{"line":199,"column":7},"end":{"line":199,"column":25}},{"start":{"line":199,"column":29},"end":{"line":199,"column":46}},{"start":{"line":200,"column":8},"end":{"line":233,"column":null}}]},"56":{"loc":{"start":{"line":221,"column":13},"end":{"line":224,"column":null}},"type":"binary-expr","locations":[{"start":{"line":221,"column":13},"end":{"line":221,"column":27}},{"start":{"line":222,"column":14},"end":{"line":223,"column":null}}]},"57":{"loc":{"start":{"line":231,"column":93},"end":{"line":231,"column":137}},"type":"cond-expr","locations":[{"start":{"line":231,"column":110},"end":{"line":231,"column":121}},{"start":{"line":231,"column":124},"end":{"line":231,"column":137}}]}},"s":{"0":0,"1":0,"2":0,"3":0,"4":0,"5":0,"6":0,"7":0,"8":0,"9":0,"10":0,"11":0,"12":0,"13":0,"14":0,"15":0,"16":0,"17":0,"18":0,"19":0,"20":0,"21":0,"22":0,"23":0,"24":0,"25":0,"26":0,"27":0,"28":0,"29":0,"30":0,"31":0,"32":0,"33":0,"34":0,"35":0,"36":0,"37":0,"38":0,"39":0,"40":0,"41":0,"42":0,"43":0,"44":0,"45":0,"46":0,"47":0,"48":0,"49":0,"50":0,"51":0,"52":0,"53":0,"54":0,"55":0,"56":0,"57":0,"58":0,"59":0,"60":0,"61":0,"62":0,"63":0,"64":0,"65":0,"66":0,"67":0,"68":0,"69":0,"70":0,"71":0,"72":0,"73":0,"74":0,"75":0,"76":0,"77":0,"78":0,"79":0},"f":{"0":0,"1":0,"2":0,"3":0,"4":0,"5":0,"6":0,"7":0,"8":0,"9":0,"10":0,"11":0,"12":0,"13":0,"14":0,"15":0,"16":0},"b":{"0":[0],"1":[0,0],"2":[0,0],"3":[0,0],"4":[0,0],"5":[0,0],"6":[0,0],"7":[0,0],"8":[0,0],"9":[0,0],"10":[0,0],"11":[0,0],"12":[0,0],"13":[0],"14":[0],"15":[0],"16":[0],"17":[0,0],"18":[0,0],"19":[0,0],"20":[0,0],"21":[0,0],"22":[0,0],"23":[0,0],"24":[0,0],"25":[0,0],"26":[0,0],"27":[0,0],"28":[0,0],"29":[0,0],"30":[0,0],"31":[0,0],"32":[0,0],"33":[0,0],"34":[0],"35":[0,0],"36":[0,0],"37":[0,0],"38":[0,0],"39":[0,0],"40":[0,0],"41":[0,0],"42":[0,0],"43":[0,0],"44":[0,0],"45":[0,0],"46":[0,0],"47":[0,0],"48":[0,0],"49":[0,0],"50":[0,0],"51":[0,0],"52":[0,0],"53":[0,0],"54":[0,0],"55":[0,0,0],"56":[0,0],"57":[0,0]}}
,"C:\\Users\\Acer\\OneDrive\\Desktop\\3rdYear\\IT342SIA\\SplitShare\\web\\src\\features\\activity\\pages\\ActivityPage.tsx": {"path":"C:\\Users\\Acer\\OneDrive\\Desktop\\3rdYear\\IT342SIA\\SplitShare\\web\\src\\features\\activity\\pages\\ActivityPage.tsx","statementMap":{"0":{"start":{"line":7,"column":0},"end":{"line":7,"column":24}},"1":{"start":{"line":1,"column":0},"end":{"line":1,"column":53}},"2":{"start":{"line":2,"column":0},"end":{"line":2,"column":47}},"3":{"start":{"line":3,"column":0},"end":{"line":3,"column":61}},"4":{"start":{"line":5,"column":0},"end":{"line":5,"column":70}},"5":{"start":{"line":8,"column":19},"end":{"line":8,"column":32}},"6":{"start":{"line":9,"column":46},"end":{"line":9,"column":58}},"7":{"start":{"line":10,"column":42},"end":{"line":10,"column":73}},"8":{"start":{"line":11,"column":32},"end":{"line":11,"column":46}},"9":{"start":{"line":12,"column":28},"end":{"line":12,"column":40}},"10":{"start":{"line":14,"column":2},"end":{"line":24,"column":9}},"11":{"start":{"line":15,"column":4},"end":{"line":15,"column":21}},"12":{"start":{"line":16,"column":4},"end":{"line":16,"column":17}},"13":{"start":{"line":17,"column":4},"end":{"line":23,"column":40}},"14":{"start":{"line":18,"column":26},"end":{"line":18,"column":68}},"15":{"start":{"line":20,"column":24},"end":{"line":20,"column":123}},"16":{"start":{"line":21,"column":8},"end":{"line":21,"column":64}},"17":{"start":{"line":23,"column":21},"end":{"line":23,"column":38}},"18":{"start":{"line":26,"column":27},"end":{"line":35,"column":36}},"19":{"start":{"line":27,"column":20},"end":{"line":27,"column":55}},"20":{"start":{"line":28,"column":4},"end":{"line":28,"column":38}},"21":{"start":{"line":28,"column":18},"end":{"line":28,"column":38}},"22":{"start":{"line":29,"column":4},"end":{"line":34,"column":6}},"23":{"start":{"line":30,"column":6},"end":{"line":33,"column":48}},"24":{"start":{"line":37,"column":2},"end":{"line":82,"column":4}},"25":{"start":{"line":48,"column":29},"end":{"line":48,"column":62}},"26":{"start":{"line":63,"column":14},"end":{"line":64,"column":null}},"27":{"start":{"line":65,"column":31},"end":{"line":65,"column":60}}},"fnMap":{"0":{"name":"ActivityPage","decl":{"start":{"line":7,"column":24},"end":{"line":7,"column":36}},"loc":{"start":{"line":7,"column":36},"end":{"line":83,"column":1}}},"1":{"name":"(anonymous_1)","decl":{"start":{"line":14,"column":12},"end":{"line":14,"column":15}},"loc":{"start":{"line":14,"column":17},"end":{"line":24,"column":3}}},"2":{"name":"(anonymous_2)","decl":{"start":{"line":18,"column":12},"end":{"line":18,"column":13}},"loc":{"start":{"line":18,"column":25},"end":{"line":18,"column":68}}},"3":{"name":"(anonymous_3)","decl":{"start":{"line":19,"column":13},"end":{"line":19,"column":14}},"loc":{"start":{"line":19,"column":30},"end":{"line":22,"column":7}}},"4":{"name":"(anonymous_4)","decl":{"start":{"line":23,"column":15},"end":{"line":23,"column":18}},"loc":{"start":{"line":23,"column":21},"end":{"line":23,"column":38}}},"5":{"name":"(anonymous_5)","decl":{"start":{"line":26,"column":35},"end":{"line":26,"column":38}},"loc":{"start":{"line":26,"column":40},"end":{"line":35,"column":3}}},"6":{"name":"(anonymous_6)","decl":{"start":{"line":29,"column":31},"end":{"line":29,"column":32}},"loc":{"start":{"line":30,"column":6},"end":{"line":33,"column":48}}},"7":{"name":"(anonymous_7)","decl":{"start":{"line":48,"column":22},"end":{"line":48,"column":23}},"loc":{"start":{"line":48,"column":29},"end":{"line":48,"column":62}}},"8":{"name":"(anonymous_8)","decl":{"start":{"line":62,"column":33},"end":{"line":62,"column":34}},"loc":{"start":{"line":63,"column":14},"end":{"line":64,"column":null}}},"9":{"name":"(anonymous_9)","decl":{"start":{"line":65,"column":25},"end":{"line":65,"column":28}},"loc":{"start":{"line":65,"column":31},"end":{"line":65,"column":60}}}},"branchMap":{"0":{"loc":{"start":{"line":18,"column":42},"end":{"line":18,"column":66}},"type":"cond-expr","locations":[{"start":{"line":18,"column":60},"end":{"line":18,"column":64}},{"start":{"line":18,"column":64},"end":{"line":18,"column":66}}]},"1":{"loc":{"start":{"line":18,"column":42},"end":{"line":18,"column":64}},"type":"binary-expr","locations":[{"start":{"line":18,"column":42},"end":{"line":18,"column":64}},{"start":{"line":18,"column":60},"end":{"line":18,"column":64}}]},"2":{"loc":{"start":{"line":20,"column":24},"end":{"line":20,"column":123}},"type":"cond-expr","locations":[{"start":{"line":20,"column":114},"end":{"line":20,"column":116}},{"start":{"line":20,"column":114},"end":{"line":20,"column":123}}]},"3":{"loc":{"start":{"line":20,"column":24},"end":{"line":20,"column":116}},"type":"binary-expr","locations":[{"start":{"line":20,"column":24},"end":{"line":20,"column":116}},{"start":{"line":20,"column":114},"end":{"line":20,"column":116}}]},"4":{"loc":{"start":{"line":20,"column":24},"end":{"line":20,"column":114}},"type":"cond-expr","locations":[{"start":{"line":20,"column":107},"end":{"line":20,"column":109}},{"start":{"line":20,"column":107},"end":{"line":20,"column":114}}]},"5":{"loc":{"start":{"line":20,"column":24},"end":{"line":20,"column":109}},"type":"binary-expr","locations":[{"start":{"line":20,"column":24},"end":{"line":20,"column":109}},{"start":{"line":20,"column":107},"end":{"line":20,"column":109}}]},"6":{"loc":{"start":{"line":20,"column":24},"end":{"line":20,"column":107}},"type":"cond-expr","locations":[{"start":{"line":20,"column":101},"end":{"line":20,"column":103}},{"start":{"line":20,"column":101},"end":{"line":20,"column":107}}]},"7":{"loc":{"start":{"line":20,"column":24},"end":{"line":20,"column":103}},"type":"binary-expr","locations":[{"start":{"line":20,"column":24},"end":{"line":20,"column":103}},{"start":{"line":20,"column":101},"end":{"line":20,"column":103}}]},"8":{"loc":{"start":{"line":20,"column":25},"end":{"line":20,"column":101}},"type":"cond-expr","locations":[{"start":{"line":20,"column":28},"end":{"line":20,"column":91}},{"start":{"line":20,"column":25},"end":{"line":20,"column":101}}]},"9":{"loc":{"start":{"line":20,"column":25},"end":{"line":20,"column":91}},"type":"binary-expr","locations":[{"start":{"line":20,"column":25},"end":{"line":20,"column":93}},{"start":{"line":20,"column":25},"end":{"line":20,"column":91}}]},"10":{"loc":{"start":{"line":21,"column":17},"end":{"line":21,"column":62}},"type":"cond-expr","locations":[{"start":{"line":21,"column":17},"end":{"line":21,"column":24}},{"start":{"line":21,"column":28},"end":{"line":21,"column":62}}]},"11":{"loc":{"start":{"line":21,"column":17},"end":{"line":21,"column":28}},"type":"binary-expr","locations":[{"start":{"line":21,"column":17},"end":{"line":21,"column":28}},{"start":{"line":21,"column":17},"end":{"line":21,"column":28}}]},"12":{"loc":{"start":{"line":28,"column":4},"end":{"line":28,"column":38}},"type":"if","locations":[{"start":{"line":28,"column":4},"end":{"line":28,"column":38}}]},"13":{"loc":{"start":{"line":30,"column":6},"end":{"line":33,"column":48}},"type":"binary-expr","locations":[{"start":{"line":30,"column":6},"end":{"line":30,"column":47}},{"start":{"line":31,"column":9},"end":{"line":31,"column":49}},{"start":{"line":32,"column":9},"end":{"line":32,"column":49}},{"start":{"line":33,"column":9},"end":{"line":33,"column":48}}]},"14":{"loc":{"start":{"line":54,"column":9},"end":{"line":54,"column":127}},"type":"binary-expr","locations":[{"start":{"line":54,"column":9},"end":{"line":54,"column":14}},{"start":{"line":54,"column":18},"end":{"line":54,"column":127}}]},"15":{"loc":{"start":{"line":57,"column":11},"end":{"line":77,"column":null}},"type":"cond-expr","locations":[{"start":{"line":58,"column":12},"end":{"line":58,"column":146}},{"start":{"line":59,"column":14},"end":{"line":77,"column":null}}]},"16":{"loc":{"start":{"line":59,"column":14},"end":{"line":77,"column":null}},"type":"cond-expr","locations":[{"start":{"line":60,"column":12},"end":{"line":60,"column":161}},{"start":{"line":62,"column":12},"end":{"line":77,"column":14}}]},"17":{"loc":{"start":{"line":74,"column":74},"end":{"line":74,"column":108}},"type":"cond-expr","locations":[{"start":{"line":74,"column":87},"end":{"line":74,"column":96}},{"start":{"line":74,"column":99},"end":{"line":74,"column":108}}]}},"s":{"0":0,"1":0,"2":0,"3":0,"4":0,"5":0,"6":0,"7":0,"8":0,"9":0,"10":0,"11":0,"12":0,"13":0,"14":0,"15":0,"16":0,"17":0,"18":0,"19":0,"20":0,"21":0,"22":0,"23":0,"24":0,"25":0,"26":0,"27":0},"f":{"0":0,"1":0,"2":0,"3":0,"4":0,"5":0,"6":0,"7":0,"8":0,"9":0},"b":{"0":[0,0],"1":[0,0],"2":[0,0],"3":[0,0],"4":[0,0],"5":[0,0],"6":[0,0],"7":[0,0],"8":[0,0],"9":[0,0],"10":[0,0],"11":[0,0],"12":[0],"13":[0,0,0,0],"14":[0,0],"15":[0,0],"16":[0,0],"17":[0,0]}}
,"C:\\Users\\Acer\\OneDrive\\Desktop\\3rdYear\\IT342SIA\\SplitShare\\web\\src\\features\\admin\\pages\\AdminPage.tsx": {"path":"C:\\Users\\Acer\\OneDrive\\Desktop\\3rdYear\\IT342SIA\\SplitShare\\web\\src\\features\\admin\\pages\\AdminPage.tsx","statementMap":{"0":{"start":{"line":15,"column":0},"end":{"line":15,"column":24}},"1":{"start":{"line":1,"column":0},"end":{"line":1,"column":53}},"2":{"start":{"line":2,"column":0},"end":{"line":2,"column":47}},"3":{"start":{"line":3,"column":0},"end":{"line":3,"column":26}},"4":{"start":{"line":4,"column":0},"end":{"line":4,"column":56}},"5":{"start":{"line":5,"column":0},"end":{"line":5,"column":49}},"6":{"start":{"line":9,"column":2},"end":{"line":9,"column":25}},"7":{"start":{"line":9,"column":14},"end":{"line":9,"column":25}},"8":{"start":{"line":10,"column":12},"end":{"line":10,"column":27}},"9":{"start":{"line":11,"column":2},"end":{"line":11,"column":46}},"10":{"start":{"line":11,"column":33},"end":{"line":11,"column":46}},"11":{"start":{"line":12,"column":2},"end":{"line":12,"column":28}},"12":{"start":{"line":16,"column":19},"end":{"line":16,"column":32}},"13":{"start":{"line":17,"column":21},"end":{"line":17,"column":30}},"14":{"start":{"line":18,"column":28},"end":{"line":18,"column":56}},"15":{"start":{"line":19,"column":26},"end":{"line":19,"column":58}},"16":{"start":{"line":20,"column":42},"end":{"line":20,"column":56}},"17":{"start":{"line":21,"column":40},"end":{"line":21,"column":54}},"18":{"start":{"line":22,"column":34},"end":{"line":22,"column":63}},"19":{"start":{"line":23,"column":28},"end":{"line":23,"column":40}},"20":{"start":{"line":24,"column":48},"end":{"line":24,"column":63}},"21":{"start":{"line":26,"column":24},"end":{"line":30,"column":3}},"22":{"start":{"line":27,"column":4},"end":{"line":27,"column":30}},"23":{"start":{"line":28,"column":4},"end":{"line":28,"column":13}},"24":{"start":{"line":29,"column":4},"end":{"line":29,"column":42}},"25":{"start":{"line":32,"column":22},"end":{"line":32,"column":83}},"26":{"start":{"line":32,"column":36},"end":{"line":32,"column":73}},"27":{"start":{"line":32,"column":56},"end":{"line":32,"column":65}},"28":{"start":{"line":33,"column":25},"end":{"line":33,"column":87}},"29":{"start":{"line":33,"column":39},"end":{"line":33,"column":77}},"30":{"start":{"line":33,"column":59},"end":{"line":33,"column":69}},"31":{"start":{"line":35,"column":21},"end":{"line":53,"column":4}},"32":{"start":{"line":35,"column":32},"end":{"line":53,"column":4}},"33":{"start":{"line":36,"column":4},"end":{"line":36,"column":26}},"34":{"start":{"line":37,"column":4},"end":{"line":52,"column":5}},"35":{"start":{"line":38,"column":18},"end":{"line":38,"column":43}},"36":{"start":{"line":39,"column":6},"end":{"line":43,"column":7}},"37":{"start":{"line":40,"column":8},"end":{"line":40,"column":32}},"38":{"start":{"line":42,"column":8},"end":{"line":42,"column":69}},"39":{"start":{"line":45,"column":6},"end":{"line":49,"column":7}},"40":{"start":{"line":46,"column":8},"end":{"line":46,"column":78}},"41":{"start":{"line":48,"column":8},"end":{"line":48,"column":68}},"42":{"start":{"line":51,"column":6},"end":{"line":51,"column":29}},"43":{"start":{"line":55,"column":20},"end":{"line":73,"column":4}},"44":{"start":{"line":55,"column":31},"end":{"line":73,"column":4}},"45":{"start":{"line":56,"column":4},"end":{"line":56,"column":25}},"46":{"start":{"line":57,"column":4},"end":{"line":72,"column":5}},"47":{"start":{"line":58,"column":18},"end":{"line":58,"column":49}},"48":{"start":{"line":59,"column":6},"end":{"line":63,"column":7}},"49":{"start":{"line":60,"column":8},"end":{"line":60,"column":31}},"50":{"start":{"line":62,"column":8},"end":{"line":62,"column":74}},"51":{"start":{"line":65,"column":6},"end":{"line":69,"column":7}},"52":{"start":{"line":66,"column":8},"end":{"line":66,"column":83}},"53":{"start":{"line":68,"column":8},"end":{"line":68,"column":68}},"54":{"start":{"line":71,"column":6},"end":{"line":71,"column":28}},"55":{"start":{"line":75,"column":2},"end":{"line":78,"column":9}},"56":{"start":{"line":76,"column":4},"end":{"line":76,"column":17}},"57":{"start":{"line":77,"column":4},"end":{"line":77,"column":16}},"58":{"start":{"line":80,"column":23},"end":{"line":101,"column":4}},"59":{"start":{"line":80,"column":52},"end":{"line":101,"column":4}},"60":{"start":{"line":81,"column":4},"end":{"line":81,"column":25}},"61":{"start":{"line":82,"column":4},"end":{"line":82,"column":17}},"62":{"start":{"line":83,"column":4},"end":{"line":100,"column":5}},"63":{"start":{"line":84,"column":18},"end":{"line":84,"column":73}},"64":{"start":{"line":85,"column":6},"end":{"line":88,"column":7}},"65":{"start":{"line":86,"column":8},"end":{"line":86,"column":77}},"66":{"start":{"line":87,"column":8},"end":{"line":87,"column":15}},"67":{"start":{"line":90,"column":6},"end":{"line":90,"column":83}},"68":{"start":{"line":90,"column":25},"end":{"line":90,"column":81}},"69":{"start":{"line":90,"column":42},"end":{"line":90,"column":79}},"70":{"start":{"line":91,"column":6},"end":{"line":91,"column":18}},"71":{"start":{"line":93,"column":6},"end":{"line":97,"column":7}},"72":{"start":{"line":94,"column":8},"end":{"line":94,"column":86}},"73":{"start":{"line":96,"column":8},"end":{"line":96,"column":68}},"74":{"start":{"line":99,"column":6},"end":{"line":99,"column":24}},"75":{"start":{"line":103,"column":2},"end":{"line":289,"column":4}},"76":{"start":{"line":117,"column":27},"end":{"line":117,"column":51}},"77":{"start":{"line":175,"column":20},"end":{"line":175,"column":35}},"78":{"start":{"line":195,"column":41},"end":{"line":195,"column":56}},"79":{"start":{"line":232,"column":33},"end":{"line":243,"column":16}},"80":{"start":{"line":252,"column":30},"end":{"line":252,"column":55}},"81":{"start":{"line":254,"column":31},"end":{"line":254,"column":50}},"82":{"start":{"line":269,"column":33},"end":{"line":269,"column":58}},"83":{"start":{"line":278,"column":39},"end":{"line":278,"column":99}},"84":{"start":{"line":279,"column":39},"end":{"line":279,"column":99}}},"fnMap":{"0":{"name":"formatDate","decl":{"start":{"line":8,"column":9},"end":{"line":8,"column":19}},"loc":{"start":{"line":8,"column":33},"end":{"line":13,"column":1}}},"1":{"name":"AdminPage","decl":{"start":{"line":15,"column":24},"end":{"line":15,"column":33}},"loc":{"start":{"line":15,"column":33},"end":{"line":290,"column":1}}},"2":{"name":"(anonymous_10)","decl":{"start":{"line":26,"column":24},"end":{"line":26,"column":27}},"loc":{"start":{"line":26,"column":29},"end":{"line":30,"column":3}}},"3":{"name":"(anonymous_11)","decl":{"start":{"line":32,"column":30},"end":{"line":32,"column":33}},"loc":{"start":{"line":32,"column":36},"end":{"line":32,"column":73}}},"4":{"name":"(anonymous_12)","decl":{"start":{"line":32,"column":49},"end":{"line":32,"column":50}},"loc":{"start":{"line":32,"column":56},"end":{"line":32,"column":65}}},"5":{"name":"(anonymous_13)","decl":{"start":{"line":33,"column":33},"end":{"line":33,"column":36}},"loc":{"start":{"line":33,"column":39},"end":{"line":33,"column":77}}},"6":{"name":"(anonymous_14)","decl":{"start":{"line":33,"column":52},"end":{"line":33,"column":53}},"loc":{"start":{"line":33,"column":59},"end":{"line":33,"column":69}}},"7":{"name":"(anonymous_15)","decl":{"start":{"line":35,"column":21},"end":{"line":35,"column":30}},"loc":{"start":{"line":35,"column":32},"end":{"line":53,"column":4}}},"8":{"name":"(anonymous_16)","decl":{"start":{"line":35,"column":32},"end":{"line":35,"column":null}},"loc":{"start":{"line":35,"column":32},"end":{"line":53,"column":3}}},"9":{"name":"(anonymous_17)","decl":{"start":{"line":55,"column":20},"end":{"line":55,"column":29}},"loc":{"start":{"line":55,"column":31},"end":{"line":73,"column":4}}},"10":{"name":"(anonymous_18)","decl":{"start":{"line":55,"column":31},"end":{"line":55,"column":null}},"loc":{"start":{"line":55,"column":31},"end":{"line":73,"column":3}}},"11":{"name":"(anonymous_19)","decl":{"start":{"line":75,"column":12},"end":{"line":75,"column":15}},"loc":{"start":{"line":75,"column":17},"end":{"line":78,"column":3}}},"12":{"name":"(anonymous_20)","decl":{"start":{"line":80,"column":23},"end":{"line":80,"column":30}},"loc":{"start":{"line":80,"column":52},"end":{"line":101,"column":4}}},"13":{"name":"(anonymous_21)","decl":{"start":{"line":80,"column":52},"end":{"line":80,"column":null}},"loc":{"start":{"line":80,"column":52},"end":{"line":101,"column":3}}},"14":{"name":"(anonymous_22)","decl":{"start":{"line":90,"column":15},"end":{"line":90,"column":16}},"loc":{"start":{"line":90,"column":25},"end":{"line":90,"column":81}}},"15":{"name":"(anonymous_23)","decl":{"start":{"line":90,"column":34},"end":{"line":90,"column":35}},"loc":{"start":{"line":90,"column":42},"end":{"line":90,"column":79}}},"16":{"name":"(anonymous_24)","decl":{"start":{"line":117,"column":21},"end":{"line":117,"column":24}},"loc":{"start":{"line":117,"column":27},"end":{"line":117,"column":51}}},"17":{"name":"(anonymous_25)","decl":{"start":{"line":174,"column":29},"end":{"line":174,"column":30}},"loc":{"start":{"line":175,"column":20},"end":{"line":175,"column":35}}},"18":{"name":"(anonymous_26)","decl":{"start":{"line":195,"column":35},"end":{"line":195,"column":38}},"loc":{"start":{"line":195,"column":41},"end":{"line":195,"column":56}}},"19":{"name":"(anonymous_27)","decl":{"start":{"line":232,"column":24},"end":{"line":232,"column":25}},"loc":{"start":{"line":232,"column":32},"end":{"line":243,"column":16}}},"20":{"name":"(anonymous_28)","decl":{"start":{"line":252,"column":24},"end":{"line":252,"column":27}},"loc":{"start":{"line":252,"column":30},"end":{"line":252,"column":55}}},"21":{"name":"(anonymous_29)","decl":{"start":{"line":254,"column":26},"end":{"line":254,"column":27}},"loc":{"start":{"line":254,"column":31},"end":{"line":254,"column":50}}},"22":{"name":"(anonymous_30)","decl":{"start":{"line":269,"column":27},"end":{"line":269,"column":30}},"loc":{"start":{"line":269,"column":33},"end":{"line":269,"column":58}}},"23":{"name":"(anonymous_31)","decl":{"start":{"line":278,"column":32},"end":{"line":278,"column":33}},"loc":{"start":{"line":278,"column":39},"end":{"line":278,"column":99}}},"24":{"name":"(anonymous_32)","decl":{"start":{"line":279,"column":32},"end":{"line":279,"column":33}},"loc":{"start":{"line":279,"column":39},"end":{"line":279,"column":99}}}},"branchMap":{"0":{"loc":{"start":{"line":9,"column":2},"end":{"line":9,"column":25}},"type":"if","locations":[{"start":{"line":9,"column":2},"end":{"line":9,"column":25}}]},"1":{"loc":{"start":{"line":11,"column":2},"end":{"line":11,"column":46}},"type":"if","locations":[{"start":{"line":11,"column":2},"end":{"line":11,"column":46}}]},"2":{"loc":{"start":{"line":39,"column":6},"end":{"line":43,"column":7}},"type":"if","locations":[{"start":{"line":39,"column":6},"end":{"line":43,"column":7}},{"start":{"line":41,"column":13},"end":{"line":43,"column":7}}]},"3":{"loc":{"start":{"line":39,"column":10},"end":{"line":39,"column":43}},"type":"binary-expr","locations":[{"start":{"line":39,"column":10},"end":{"line":39,"column":26}},{"start":{"line":39,"column":30},"end":{"line":39,"column":43}}]},"4":{"loc":{"start":{"line":42,"column":17},"end":{"line":42,"column":67}},"type":"cond-expr","locations":[{"start":{"line":42,"column":40},"end":{"line":42,"column":44}},{"start":{"line":42,"column":44},"end":{"line":42,"column":67}}]},"5":{"loc":{"start":{"line":42,"column":17},"end":{"line":42,"column":44}},"type":"binary-expr","locations":[{"start":{"line":42,"column":17},"end":{"line":42,"column":44}},{"start":{"line":42,"column":40},"end":{"line":42,"column":44}}]},"6":{"loc":{"start":{"line":42,"column":17},"end":{"line":42,"column":40}},"type":"cond-expr","locations":[{"start":{"line":42,"column":31},"end":{"line":42,"column":33}},{"start":{"line":42,"column":31},"end":{"line":42,"column":40}}]},"7":{"loc":{"start":{"line":42,"column":17},"end":{"line":42,"column":33}},"type":"binary-expr","locations":[{"start":{"line":42,"column":17},"end":{"line":42,"column":33}},{"start":{"line":42,"column":31},"end":{"line":42,"column":33}}]},"8":{"loc":{"start":{"line":45,"column":6},"end":{"line":49,"column":7}},"type":"if","locations":[{"start":{"line":45,"column":6},"end":{"line":49,"column":7}},{"start":{"line":47,"column":13},"end":{"line":49,"column":7}}]},"9":{"loc":{"start":{"line":45,"column":10},"end":{"line":45,"column":57}},"type":"binary-expr","locations":[{"start":{"line":45,"column":10},"end":{"line":45,"column":33}},{"start":{"line":45,"column":37},"end":{"line":45,"column":55}}]},"10":{"loc":{"start":{"line":45,"column":37},"end":{"line":45,"column":55}},"type":"cond-expr","locations":[{"start":{"line":45,"column":49},"end":{"line":45,"column":51}},{"start":{"line":45,"column":49},"end":{"line":45,"column":55}}]},"11":{"loc":{"start":{"line":45,"column":37},"end":{"line":45,"column":51}},"type":"binary-expr","locations":[{"start":{"line":45,"column":37},"end":{"line":45,"column":51}},{"start":{"line":45,"column":49},"end":{"line":45,"column":51}}]},"12":{"loc":{"start":{"line":46,"column":17},"end":{"line":46,"column":76}},"type":"cond-expr","locations":[{"start":{"line":46,"column":49},"end":{"line":46,"column":53}},{"start":{"line":46,"column":53},"end":{"line":46,"column":76}}]},"13":{"loc":{"start":{"line":46,"column":17},"end":{"line":46,"column":53}},"type":"binary-expr","locations":[{"start":{"line":46,"column":17},"end":{"line":46,"column":53}},{"start":{"line":46,"column":49},"end":{"line":46,"column":53}}]},"14":{"loc":{"start":{"line":46,"column":17},"end":{"line":46,"column":49}},"type":"cond-expr","locations":[{"start":{"line":46,"column":40},"end":{"line":46,"column":42}},{"start":{"line":46,"column":40},"end":{"line":46,"column":49}}]},"15":{"loc":{"start":{"line":46,"column":17},"end":{"line":46,"column":42}},"type":"binary-expr","locations":[{"start":{"line":46,"column":17},"end":{"line":46,"column":42}},{"start":{"line":46,"column":40},"end":{"line":46,"column":42}}]},"16":{"loc":{"start":{"line":59,"column":6},"end":{"line":63,"column":7}},"type":"if","locations":[{"start":{"line":59,"column":6},"end":{"line":63,"column":7}},{"start":{"line":61,"column":13},"end":{"line":63,"column":7}}]},"17":{"loc":{"start":{"line":59,"column":10},"end":{"line":59,"column":43}},"type":"binary-expr","locations":[{"start":{"line":59,"column":10},"end":{"line":59,"column":26}},{"start":{"line":59,"column":30},"end":{"line":59,"column":43}}]},"18":{"loc":{"start":{"line":62,"column":17},"end":{"line":62,"column":72}},"type":"cond-expr","locations":[{"start":{"line":62,"column":40},"end":{"line":62,"column":44}},{"start":{"line":62,"column":44},"end":{"line":62,"column":72}}]},"19":{"loc":{"start":{"line":62,"column":17},"end":{"line":62,"column":44}},"type":"binary-expr","locations":[{"start":{"line":62,"column":17},"end":{"line":62,"column":44}},{"start":{"line":62,"column":40},"end":{"line":62,"column":44}}]},"20":{"loc":{"start":{"line":62,"column":17},"end":{"line":62,"column":40}},"type":"cond-expr","locations":[{"start":{"line":62,"column":31},"end":{"line":62,"column":33}},{"start":{"line":62,"column":31},"end":{"line":62,"column":40}}]},"21":{"loc":{"start":{"line":62,"column":17},"end":{"line":62,"column":33}},"type":"binary-expr","locations":[{"start":{"line":62,"column":17},"end":{"line":62,"column":33}},{"start":{"line":62,"column":31},"end":{"line":62,"column":33}}]},"22":{"loc":{"start":{"line":65,"column":6},"end":{"line":69,"column":7}},"type":"if","locations":[{"start":{"line":65,"column":6},"end":{"line":69,"column":7}},{"start":{"line":67,"column":13},"end":{"line":69,"column":7}}]},"23":{"loc":{"start":{"line":65,"column":10},"end":{"line":65,"column":57}},"type":"binary-expr","locations":[{"start":{"line":65,"column":10},"end":{"line":65,"column":33}},{"start":{"line":65,"column":37},"end":{"line":65,"column":55}}]},"24":{"loc":{"start":{"line":65,"column":37},"end":{"line":65,"column":55}},"type":"cond-expr","locations":[{"start":{"line":65,"column":49},"end":{"line":65,"column":51}},{"start":{"line":65,"column":49},"end":{"line":65,"column":55}}]},"25":{"loc":{"start":{"line":65,"column":37},"end":{"line":65,"column":51}},"type":"binary-expr","locations":[{"start":{"line":65,"column":37},"end":{"line":65,"column":51}},{"start":{"line":65,"column":49},"end":{"line":65,"column":51}}]},"26":{"loc":{"start":{"line":66,"column":17},"end":{"line":66,"column":81}},"type":"cond-expr","locations":[{"start":{"line":66,"column":49},"end":{"line":66,"column":53}},{"start":{"line":66,"column":53},"end":{"line":66,"column":81}}]},"27":{"loc":{"start":{"line":66,"column":17},"end":{"line":66,"column":53}},"type":"binary-expr","locations":[{"start":{"line":66,"column":17},"end":{"line":66,"column":53}},{"start":{"line":66,"column":49},"end":{"line":66,"column":53}}]},"28":{"loc":{"start":{"line":66,"column":17},"end":{"line":66,"column":49}},"type":"cond-expr","locations":[{"start":{"line":66,"column":40},"end":{"line":66,"column":42}},{"start":{"line":66,"column":40},"end":{"line":66,"column":49}}]},"29":{"loc":{"start":{"line":66,"column":17},"end":{"line":66,"column":42}},"type":"binary-expr","locations":[{"start":{"line":66,"column":17},"end":{"line":66,"column":42}},{"start":{"line":66,"column":40},"end":{"line":66,"column":42}}]},"30":{"loc":{"start":{"line":85,"column":6},"end":{"line":88,"column":7}},"type":"if","locations":[{"start":{"line":85,"column":6},"end":{"line":88,"column":7}}]},"31":{"loc":{"start":{"line":85,"column":10},"end":{"line":85,"column":45}},"type":"binary-expr","locations":[{"start":{"line":85,"column":10},"end":{"line":85,"column":27}},{"start":{"line":85,"column":31},"end":{"line":85,"column":45}}]},"32":{"loc":{"start":{"line":86,"column":17},"end":{"line":86,"column":75}},"type":"cond-expr","locations":[{"start":{"line":86,"column":40},"end":{"line":86,"column":44}},{"start":{"line":86,"column":44},"end":{"line":86,"column":75}}]},"33":{"loc":{"start":{"line":86,"column":17},"end":{"line":86,"column":44}},"type":"binary-expr","locations":[{"start":{"line":86,"column":17},"end":{"line":86,"column":44}},{"start":{"line":86,"column":40},"end":{"line":86,"column":44}}]},"34":{"loc":{"start":{"line":86,"column":17},"end":{"line":86,"column":40}},"type":"cond-expr","locations":[{"start":{"line":86,"column":31},"end":{"line":86,"column":33}},{"start":{"line":86,"column":31},"end":{"line":86,"column":40}}]},"35":{"loc":{"start":{"line":86,"column":17},"end":{"line":86,"column":33}},"type":"binary-expr","locations":[{"start":{"line":86,"column":17},"end":{"line":86,"column":33}},{"start":{"line":86,"column":31},"end":{"line":86,"column":33}}]},"36":{"loc":{"start":{"line":90,"column":42},"end":{"line":90,"column":79}},"type":"cond-expr","locations":[{"start":{"line":90,"column":61},"end":{"line":90,"column":75}},{"start":{"line":90,"column":78},"end":{"line":90,"column":79}}]},"37":{"loc":{"start":{"line":93,"column":6},"end":{"line":97,"column":7}},"type":"if","locations":[{"start":{"line":93,"column":6},"end":{"line":97,"column":7}},{"start":{"line":95,"column":13},"end":{"line":97,"column":7}}]},"38":{"loc":{"start":{"line":93,"column":10},"end":{"line":93,"column":57}},"type":"binary-expr","locations":[{"start":{"line":93,"column":10},"end":{"line":93,"column":33}},{"start":{"line":93,"column":37},"end":{"line":93,"column":55}}]},"39":{"loc":{"start":{"line":93,"column":37},"end":{"line":93,"column":55}},"type":"cond-expr","locations":[{"start":{"line":93,"column":49},"end":{"line":93,"column":51}},{"start":{"line":93,"column":49},"end":{"line":93,"column":55}}]},"40":{"loc":{"start":{"line":93,"column":37},"end":{"line":93,"column":51}},"type":"binary-expr","locations":[{"start":{"line":93,"column":37},"end":{"line":93,"column":51}},{"start":{"line":93,"column":49},"end":{"line":93,"column":51}}]},"41":{"loc":{"start":{"line":94,"column":17},"end":{"line":94,"column":84}},"type":"cond-expr","locations":[{"start":{"line":94,"column":49},"end":{"line":94,"column":53}},{"start":{"line":94,"column":53},"end":{"line":94,"column":84}}]},"42":{"loc":{"start":{"line":94,"column":17},"end":{"line":94,"column":53}},"type":"binary-expr","locations":[{"start":{"line":94,"column":17},"end":{"line":94,"column":53}},{"start":{"line":94,"column":49},"end":{"line":94,"column":53}}]},"43":{"loc":{"start":{"line":94,"column":17},"end":{"line":94,"column":49}},"type":"cond-expr","locations":[{"start":{"line":94,"column":40},"end":{"line":94,"column":42}},{"start":{"line":94,"column":40},"end":{"line":94,"column":49}}]},"44":{"loc":{"start":{"line":94,"column":17},"end":{"line":94,"column":42}},"type":"binary-expr","locations":[{"start":{"line":94,"column":17},"end":{"line":94,"column":42}},{"start":{"line":94,"column":40},"end":{"line":94,"column":42}}]},"45":{"loc":{"start":{"line":125,"column":9},"end":{"line":128,"column":null}},"type":"binary-expr","locations":[{"start":{"line":125,"column":9},"end":{"line":125,"column":14}},{"start":{"line":126,"column":10},"end":{"line":127,"column":null}}]},"46":{"loc":{"start":{"line":157,"column":11},"end":{"line":211,"column":null}},"type":"cond-expr","locations":[{"start":{"line":158,"column":12},"end":{"line":158,"column":79}},{"start":{"line":159,"column":14},"end":{"line":211,"column":null}}]},"47":{"loc":{"start":{"line":159,"column":14},"end":{"line":211,"column":null}},"type":"cond-expr","locations":[{"start":{"line":160,"column":12},"end":{"line":160,"column":78}},{"start":{"line":162,"column":12},"end":{"line":210,"column":null}}]},"48":{"loc":{"start":{"line":185,"column":40},"end":{"line":185,"column":73}},"type":"cond-expr","locations":[{"start":{"line":185,"column":52},"end":{"line":185,"column":61}},{"start":{"line":185,"column":64},"end":{"line":185,"column":73}}]},"49":{"loc":{"start":{"line":186,"column":35},"end":{"line":186,"column":68}},"type":"cond-expr","locations":[{"start":{"line":186,"column":47},"end":{"line":186,"column":56}},{"start":{"line":186,"column":59},"end":{"line":186,"column":68}}]},"50":{"loc":{"start":{"line":189,"column":27},"end":{"line":189,"column":61}},"type":"cond-expr","locations":[{"start":{"line":189,"column":39},"end":{"line":189,"column":47}},{"start":{"line":189,"column":50},"end":{"line":189,"column":61}}]},"51":{"loc":{"start":{"line":198,"column":47},"end":{"line":198,"column":80}},"type":"cond-expr","locations":[{"start":{"line":198,"column":59},"end":{"line":198,"column":68}},{"start":{"line":198,"column":71},"end":{"line":198,"column":80}}]},"52":{"loc":{"start":{"line":200,"column":27},"end":{"line":204,"column":44}},"type":"cond-expr","locations":[{"start":{"line":201,"column":30},"end":{"line":201,"column":43}},{"start":{"line":202,"column":30},"end":{"line":204,"column":44}}]},"53":{"loc":{"start":{"line":202,"column":30},"end":{"line":204,"column":44}},"type":"cond-expr","locations":[{"start":{"line":203,"column":32},"end":{"line":203,"column":41}},{"start":{"line":204,"column":32},"end":{"line":204,"column":44}}]},"54":{"loc":{"start":{"line":226,"column":11},"end":{"line":244,"column":null}},"type":"cond-expr","locations":[{"start":{"line":227,"column":12},"end":{"line":227,"column":78}},{"start":{"line":228,"column":14},"end":{"line":244,"column":null}}]},"55":{"loc":{"start":{"line":228,"column":14},"end":{"line":244,"column":null}},"type":"cond-expr","locations":[{"start":{"line":229,"column":12},"end":{"line":229,"column":93}},{"start":{"line":231,"column":12},"end":{"line":243,"column":null}}]},"56":{"loc":{"start":{"line":237,"column":57},"end":{"line":237,"column":85}},"type":"cond-expr","locations":[{"start":{"line":237,"column":76},"end":{"line":237,"column":80}},{"start":{"line":237,"column":80},"end":{"line":237,"column":85}}]},"57":{"loc":{"start":{"line":237,"column":57},"end":{"line":237,"column":80}},"type":"binary-expr","locations":[{"start":{"line":237,"column":57},"end":{"line":237,"column":80}},{"start":{"line":237,"column":76},"end":{"line":237,"column":80}}]},"58":{"loc":{"start":{"line":239,"column":21},"end":{"line":239,"column":95}},"type":"binary-expr","locations":[{"start":{"line":239,"column":21},"end":{"line":239,"column":32}},{"start":{"line":239,"column":36},"end":{"line":239,"column":95}}]},"59":{"loc":{"start":{"line":249,"column":9},"end":{"line":285,"column":null}},"type":"binary-expr","locations":[{"start":{"line":249,"column":9},"end":{"line":249,"column":24}},{"start":{"line":250,"column":10},"end":{"line":284,"column":null}}]}},"s":{"0":0,"1":0,"2":0,"3":0,"4":0,"5":0,"6":0,"7":0,"8":0,"9":0,"10":0,"11":0,"12":0,"13":0,"14":0,"15":0,"16":0,"17":0,"18":0,"19":0,"20":0,"21":0,"22":0,"23":0,"24":0,"25":0,"26":0,"27":0,"28":0,"29":0,"30":0,"31":0,"32":0,"33":0,"34":0,"35":0,"36":0,"37":0,"38":0,"39":0,"40":0,"41":0,"42":0,"43":0,"44":0,"45":0,"46":0,"47":0,"48":0,"49":0,"50":0,"51":0,"52":0,"53":0,"54":0,"55":0,"56":0,"57":0,"58":0,"59":0,"60":0,"61":0,"62":0,"63":0,"64":0,"65":0,"66":0,"67":0,"68":0,"69":0,"70":0,"71":0,"72":0,"73":0,"74":0,"75":0,"76":0,"77":0,"78":0,"79":0,"80":0,"81":0,"82":0,"83":0,"84":0},"f":{"0":0,"1":0,"2":0,"3":0,"4":0,"5":0,"6":0,"7":0,"8":0,"9":0,"10":0,"11":0,"12":0,"13":0,"14":0,"15":0,"16":0,"17":0,"18":0,"19":0,"20":0,"21":0,"22":0,"23":0,"24":0},"b":{"0":[0],"1":[0],"2":[0,0],"3":[0,0],"4":[0,0],"5":[0,0],"6":[0,0],"7":[0,0],"8":[0,0],"9":[0,0],"10":[0,0],"11":[0,0],"12":[0,0],"13":[0,0],"14":[0,0],"15":[0,0],"16":[0,0],"17":[0,0],"18":[0,0],"19":[0,0],"20":[0,0],"21":[0,0],"22":[0,0],"23":[0,0],"24":[0,0],"25":[0,0],"26":[0,0],"27":[0,0],"28":[0,0],"29":[0,0],"30":[0],"31":[0,0],"32":[0,0],"33":[0,0],"34":[0,0],"35":[0,0],"36":[0,0],"37":[0,0],"38":[0,0],"39":[0,0],"40":[0,0],"41":[0,0],"42":[0,0],"43":[0,0],"44":[0,0],"45":[0,0],"46":[0,0],"47":[0,0],"48":[0,0],"49":[0,0],"50":[0,0],"51":[0,0],"52":[0,0],"53":[0,0],"54":[0,0],"55":[0,0],"56":[0,0],"57":[0,0],"58":[0,0],"59":[0,0]}}
,"C:\\Users\\Acer\\OneDrive\\Desktop\\3rdYear\\IT342SIA\\SplitShare\\web\\src\\features\\auth\\AuthContext.tsx": {"path":"C:\\Users\\Acer\\OneDrive\\Desktop\\3rdYear\\IT342SIA\\SplitShare\\web\\src\\features\\auth\\AuthContext.tsx","statementMap":{"0":{"start":{"line":14,"column":0},"end":{"line":14,"column":16}},"1":{"start":{"line":50,"column":0},"end":{"line":50,"column":16}},"2":{"start":{"line":1,"column":0},"end":{"line":1,"column":87}},"3":{"start":{"line":12,"column":20},"end":{"line":12,"column":63}},"4":{"start":{"line":15,"column":26},"end":{"line":15,"column":56}},"5":{"start":{"line":16,"column":28},"end":{"line":16,"column":57}},"6":{"start":{"line":18,"column":2},"end":{"line":25,"column":9}},"7":{"start":{"line":19,"column":24},"end":{"line":19,"column":59}},"8":{"start":{"line":20,"column":23},"end":{"line":20,"column":51}},"9":{"start":{"line":21,"column":4},"end":{"line":24,"column":5}},"10":{"start":{"line":22,"column":6},"end":{"line":22,"column":28}},"11":{"start":{"line":23,"column":6},"end":{"line":23,"column":38}},"12":{"start":{"line":27,"column":16},"end":{"line":33,"column":3}},"13":{"start":{"line":28,"column":4},"end":{"line":28,"column":22}},"14":{"start":{"line":29,"column":4},"end":{"line":29,"column":26}},"15":{"start":{"line":30,"column":4},"end":{"line":30,"column":53}},"16":{"start":{"line":31,"column":4},"end":{"line":31,"column":55}},"17":{"start":{"line":32,"column":4},"end":{"line":32,"column":59}},"18":{"start":{"line":35,"column":17},"end":{"line":41,"column":3}},"19":{"start":{"line":36,"column":4},"end":{"line":36,"column":18}},"20":{"start":{"line":37,"column":4},"end":{"line":37,"column":19}},"21":{"start":{"line":38,"column":4},"end":{"line":38,"column":43}},"22":{"start":{"line":39,"column":4},"end":{"line":39,"column":44}},"23":{"start":{"line":40,"column":4},"end":{"line":40,"column":36}},"24":{"start":{"line":43,"column":2},"end":{"line":47,"column":4}},"25":{"start":{"line":51,"column":14},"end":{"line":51,"column":37}},"26":{"start":{"line":52,"column":2},"end":{"line":52,"column":74}},"27":{"start":{"line":52,"column":12},"end":{"line":52,"column":74}},"28":{"start":{"line":53,"column":2},"end":{"line":53,"column":13}}},"fnMap":{"0":{"name":"AuthProvider","decl":{"start":{"line":14,"column":16},"end":{"line":14,"column":28}},"loc":{"start":{"line":14,"column":66},"end":{"line":48,"column":1}}},"1":{"name":"(anonymous_1)","decl":{"start":{"line":18,"column":12},"end":{"line":18,"column":15}},"loc":{"start":{"line":18,"column":17},"end":{"line":25,"column":3}}},"2":{"name":"(anonymous_2)","decl":{"start":{"line":27,"column":16},"end":{"line":27,"column":17}},"loc":{"start":{"line":27,"column":81},"end":{"line":33,"column":3}}},"3":{"name":"(anonymous_3)","decl":{"start":{"line":35,"column":17},"end":{"line":35,"column":20}},"loc":{"start":{"line":35,"column":22},"end":{"line":41,"column":3}}},"4":{"name":"useAuth","decl":{"start":{"line":50,"column":16},"end":{"line":50,"column":23}},"loc":{"start":{"line":50,"column":23},"end":{"line":54,"column":1}}}},"branchMap":{"0":{"loc":{"start":{"line":21,"column":4},"end":{"line":24,"column":5}},"type":"if","locations":[{"start":{"line":21,"column":4},"end":{"line":24,"column":5}}]},"1":{"loc":{"start":{"line":21,"column":8},"end":{"line":21,"column":33}},"type":"binary-expr","locations":[{"start":{"line":21,"column":8},"end":{"line":21,"column":19}},{"start":{"line":21,"column":23},"end":{"line":21,"column":33}}]},"2":{"loc":{"start":{"line":52,"column":2},"end":{"line":52,"column":74}},"type":"if","locations":[{"start":{"line":52,"column":2},"end":{"line":52,"column":74}}]}},"s":{"0":1,"1":1,"2":1,"3":1,"4":10,"5":10,"6":10,"7":5,"8":5,"9":5,"10":3,"11":3,"12":10,"13":0,"14":0,"15":0,"16":0,"17":0,"18":10,"19":1,"20":1,"21":1,"22":1,"23":1,"24":10,"25":10,"26":10,"27":1,"28":9},"f":{"0":10,"1":5,"2":0,"3":1,"4":10},"b":{"0":[3],"1":[5,3],"2":[1]}}
,"C:\\Users\\Acer\\OneDrive\\Desktop\\3rdYear\\IT342SIA\\SplitShare\\web\\src\\features\\auth\\components\\AdminRoute.tsx": {"path":"C:\\Users\\Acer\\OneDrive\\Desktop\\3rdYear\\IT342SIA\\SplitShare\\web\\src\\features\\auth\\components\\AdminRoute.tsx","statementMap":{"0":{"start":{"line":5,"column":0},"end":{"line":5,"column":24}},"1":{"start":{"line":2,"column":0},"end":{"line":2,"column":44}},"2":{"start":{"line":3,"column":0},"end":{"line":3,"column":41}},"3":{"start":{"line":6,"column":36},"end":{"line":6,"column":45}},"4":{"start":{"line":8,"column":2},"end":{"line":10,"column":3}},"5":{"start":{"line":9,"column":4},"end":{"line":9,"column":44}},"6":{"start":{"line":12,"column":2},"end":{"line":14,"column":3}},"7":{"start":{"line":13,"column":4},"end":{"line":13,"column":48}},"8":{"start":{"line":16,"column":2},"end":{"line":16,"column":25}}},"fnMap":{"0":{"name":"AdminRoute","decl":{"start":{"line":5,"column":24},"end":{"line":5,"column":34}},"loc":{"start":{"line":5,"column":72},"end":{"line":17,"column":1}}}},"branchMap":{"0":{"loc":{"start":{"line":8,"column":2},"end":{"line":10,"column":3}},"type":"if","locations":[{"start":{"line":8,"column":2},"end":{"line":10,"column":3}}]},"1":{"loc":{"start":{"line":12,"column":2},"end":{"line":14,"column":3}},"type":"if","locations":[{"start":{"line":12,"column":2},"end":{"line":14,"column":3}}]},"2":{"loc":{"start":{"line":12,"column":6},"end":{"line":12,"column":16}},"type":"cond-expr","locations":[{"start":{"line":12,"column":10},"end":{"line":12,"column":12}},{"start":{"line":12,"column":6},"end":{"line":12,"column":16}}]},"3":{"loc":{"start":{"line":12,"column":6},"end":{"line":12,"column":12}},"type":"binary-expr","locations":[{"start":{"line":12,"column":6},"end":{"line":12,"column":12}},{"start":{"line":12,"column":6},"end":{"line":12,"column":12}}]}},"s":{"0":0,"1":0,"2":0,"3":0,"4":0,"5":0,"6":0,"7":0,"8":0},"f":{"0":0},"b":{"0":[0],"1":[0],"2":[0,0],"3":[0,0]}}
,"C:\\Users\\Acer\\OneDrive\\Desktop\\3rdYear\\IT342SIA\\SplitShare\\web\\src\\features\\auth\\components\\ProtectedRoute.tsx": {"path":"C:\\Users\\Acer\\OneDrive\\Desktop\\3rdYear\\IT342SIA\\SplitShare\\web\\src\\features\\auth\\components\\ProtectedRoute.tsx","statementMap":{"0":{"start":{"line":5,"column":0},"end":{"line":5,"column":24}},"1":{"start":{"line":2,"column":0},"end":{"line":2,"column":44}},"2":{"start":{"line":3,"column":0},"end":{"line":3,"column":41}},"3":{"start":{"line":6,"column":36},"end":{"line":6,"column":45}},"4":{"start":{"line":8,"column":2},"end":{"line":10,"column":3}},"5":{"start":{"line":9,"column":4},"end":{"line":9,"column":44}},"6":{"start":{"line":12,"column":2},"end":{"line":14,"column":3}},"7":{"start":{"line":13,"column":4},"end":{"line":13,"column":44}},"8":{"start":{"line":16,"column":2},"end":{"line":16,"column":25}}},"fnMap":{"0":{"name":"ProtectedRoute","decl":{"start":{"line":5,"column":24},"end":{"line":5,"column":38}},"loc":{"start":{"line":5,"column":76},"end":{"line":17,"column":1}}}},"branchMap":{"0":{"loc":{"start":{"line":8,"column":2},"end":{"line":10,"column":3}},"type":"if","locations":[{"start":{"line":8,"column":2},"end":{"line":10,"column":3}}]},"1":{"loc":{"start":{"line":12,"column":2},"end":{"line":14,"column":3}},"type":"if","locations":[{"start":{"line":12,"column":2},"end":{"line":14,"column":3}}]},"2":{"loc":{"start":{"line":12,"column":6},"end":{"line":12,"column":16}},"type":"cond-expr","locations":[{"start":{"line":12,"column":10},"end":{"line":12,"column":12}},{"start":{"line":12,"column":6},"end":{"line":12,"column":16}}]},"3":{"loc":{"start":{"line":12,"column":6},"end":{"line":12,"column":12}},"type":"binary-expr","locations":[{"start":{"line":12,"column":6},"end":{"line":12,"column":12}},{"start":{"line":12,"column":6},"end":{"line":12,"column":12}}]}},"s":{"0":0,"1":0,"2":0,"3":0,"4":0,"5":0,"6":0,"7":0,"8":0},"f":{"0":0},"b":{"0":[0],"1":[0],"2":[0,0],"3":[0,0]}}
,"C:\\Users\\Acer\\OneDrive\\Desktop\\3rdYear\\IT342SIA\\SplitShare\\web\\src\\features\\auth\\pages\\LoginPage.tsx": {"path":"C:\\Users\\Acer\\OneDrive\\Desktop\\3rdYear\\IT342SIA\\SplitShare\\web\\src\\features\\auth\\pages\\LoginPage.tsx","statementMap":{"0":{"start":{"line":7,"column":0},"end":{"line":7,"column":24}},"1":{"start":{"line":1,"column":0},"end":{"line":1,"column":60}},"2":{"start":{"line":2,"column":0},"end":{"line":2,"column":53}},"3":{"start":{"line":3,"column":0},"end":{"line":3,"column":26}},"4":{"start":{"line":4,"column":0},"end":{"line":4,"column":55}},"5":{"start":{"line":5,"column":0},"end":{"line":5,"column":41}},"6":{"start":{"line":8,"column":19},"end":{"line":8,"column":32}},"7":{"start":{"line":9,"column":37},"end":{"line":9,"column":46}},"8":{"start":{"line":11,"column":2},"end":{"line":15,"column":34}},"9":{"start":{"line":12,"column":4},"end":{"line":14,"column":5}},"10":{"start":{"line":13,"column":6},"end":{"line":13,"column":48}},"11":{"start":{"line":17,"column":28},"end":{"line":17,"column":40}},"12":{"start":{"line":18,"column":34},"end":{"line":18,"column":46}},"13":{"start":{"line":19,"column":28},"end":{"line":19,"column":40}},"14":{"start":{"line":20,"column":32},"end":{"line":20,"column":44}},"15":{"start":{"line":21,"column":32},"end":{"line":21,"column":47}},"16":{"start":{"line":23,"column":23},"end":{"line":47,"column":4}},"17":{"start":{"line":23,"column":50},"end":{"line":47,"column":4}},"18":{"start":{"line":24,"column":4},"end":{"line":24,"column":27}},"19":{"start":{"line":25,"column":4},"end":{"line":25,"column":17}},"20":{"start":{"line":26,"column":4},"end":{"line":26,"column":19}},"21":{"start":{"line":27,"column":4},"end":{"line":27,"column":21}},"22":{"start":{"line":28,"column":4},"end":{"line":46,"column":5}},"23":{"start":{"line":29,"column":23},"end":{"line":29,"column":63}},"24":{"start":{"line":30,"column":19},"end":{"line":30,"column":32}},"25":{"start":{"line":31,"column":6},"end":{"line":37,"column":7}},"26":{"start":{"line":32,"column":8},"end":{"line":32,"column":77}},"27":{"start":{"line":33,"column":29},"end":{"line":33,"column":91}},"28":{"start":{"line":34,"column":8},"end":{"line":34,"column":50}},"29":{"start":{"line":36,"column":8},"end":{"line":36,"column":57}},"30":{"start":{"line":39,"column":6},"end":{"line":43,"column":7}},"31":{"start":{"line":40,"column":8},"end":{"line":40,"column":77}},"32":{"start":{"line":42,"column":8},"end":{"line":42,"column":68}},"33":{"start":{"line":45,"column":6},"end":{"line":45,"column":24}},"34":{"start":{"line":49,"column":2},"end":{"line":134,"column":4}},"35":{"start":{"line":90,"column":35},"end":{"line":90,"column":59}},"36":{"start":{"line":93,"column":35},"end":{"line":93,"column":73}},"37":{"start":{"line":94,"column":34},"end":{"line":94,"column":72}},"38":{"start":{"line":104,"column":35},"end":{"line":104,"column":62}},"39":{"start":{"line":107,"column":35},"end":{"line":107,"column":73}},"40":{"start":{"line":108,"column":34},"end":{"line":108,"column":72}},"41":{"start":{"line":117,"column":37},"end":{"line":117,"column":105}},"42":{"start":{"line":118,"column":39},"end":{"line":118,"column":92}}},"fnMap":{"0":{"name":"LoginPage","decl":{"start":{"line":7,"column":24},"end":{"line":7,"column":33}},"loc":{"start":{"line":7,"column":33},"end":{"line":135,"column":1}}},"1":{"name":"(anonymous_9)","decl":{"start":{"line":11,"column":12},"end":{"line":11,"column":15}},"loc":{"start":{"line":11,"column":17},"end":{"line":15,"column":3}}},"2":{"name":"(anonymous_10)","decl":{"start":{"line":23,"column":23},"end":{"line":23,"column":30}},"loc":{"start":{"line":23,"column":50},"end":{"line":47,"column":4}}},"3":{"name":"(anonymous_11)","decl":{"start":{"line":23,"column":50},"end":{"line":23,"column":null}},"loc":{"start":{"line":23,"column":50},"end":{"line":47,"column":3}}},"4":{"name":"(anonymous_12)","decl":{"start":{"line":90,"column":28},"end":{"line":90,"column":29}},"loc":{"start":{"line":90,"column":35},"end":{"line":90,"column":59}}},"5":{"name":"(anonymous_13)","decl":{"start":{"line":93,"column":27},"end":{"line":93,"column":28}},"loc":{"start":{"line":93,"column":35},"end":{"line":93,"column":73}}},"6":{"name":"(anonymous_14)","decl":{"start":{"line":94,"column":26},"end":{"line":94,"column":27}},"loc":{"start":{"line":94,"column":34},"end":{"line":94,"column":72}}},"7":{"name":"(anonymous_15)","decl":{"start":{"line":104,"column":28},"end":{"line":104,"column":29}},"loc":{"start":{"line":104,"column":35},"end":{"line":104,"column":62}}},"8":{"name":"(anonymous_16)","decl":{"start":{"line":107,"column":27},"end":{"line":107,"column":28}},"loc":{"start":{"line":107,"column":35},"end":{"line":107,"column":73}}},"9":{"name":"(anonymous_17)","decl":{"start":{"line":108,"column":26},"end":{"line":108,"column":27}},"loc":{"start":{"line":108,"column":34},"end":{"line":108,"column":72}}},"10":{"name":"(anonymous_18)","decl":{"start":{"line":117,"column":30},"end":{"line":117,"column":31}},"loc":{"start":{"line":117,"column":37},"end":{"line":117,"column":105}}},"11":{"name":"(anonymous_19)","decl":{"start":{"line":118,"column":30},"end":{"line":118,"column":31}},"loc":{"start":{"line":118,"column":39},"end":{"line":118,"column":92}}}},"branchMap":{"0":{"loc":{"start":{"line":12,"column":4},"end":{"line":14,"column":5}},"type":"if","locations":[{"start":{"line":12,"column":4},"end":{"line":14,"column":5}}]},"1":{"loc":{"start":{"line":31,"column":6},"end":{"line":37,"column":7}},"type":"if","locations":[{"start":{"line":31,"column":6},"end":{"line":37,"column":7}},{"start":{"line":35,"column":13},"end":{"line":37,"column":7}}]},"2":{"loc":{"start":{"line":31,"column":10},"end":{"line":31,"column":35}},"type":"binary-expr","locations":[{"start":{"line":31,"column":10},"end":{"line":31,"column":22}},{"start":{"line":31,"column":26},"end":{"line":31,"column":35}}]},"3":{"loc":{"start":{"line":33,"column":29},"end":{"line":33,"column":91}},"type":"cond-expr","locations":[{"start":{"line":33,"column":68},"end":{"line":33,"column":76}},{"start":{"line":33,"column":79},"end":{"line":33,"column":91}}]},"4":{"loc":{"start":{"line":36,"column":17},"end":{"line":36,"column":55}},"type":"cond-expr","locations":[{"start":{"line":36,"column":36},"end":{"line":36,"column":40}},{"start":{"line":36,"column":40},"end":{"line":36,"column":55}}]},"5":{"loc":{"start":{"line":36,"column":17},"end":{"line":36,"column":40}},"type":"binary-expr","locations":[{"start":{"line":36,"column":17},"end":{"line":36,"column":40}},{"start":{"line":36,"column":36},"end":{"line":36,"column":40}}]},"6":{"loc":{"start":{"line":36,"column":17},"end":{"line":36,"column":36}},"type":"cond-expr","locations":[{"start":{"line":36,"column":27},"end":{"line":36,"column":29}},{"start":{"line":36,"column":27},"end":{"line":36,"column":36}}]},"7":{"loc":{"start":{"line":36,"column":17},"end":{"line":36,"column":29}},"type":"binary-expr","locations":[{"start":{"line":36,"column":17},"end":{"line":36,"column":29}},{"start":{"line":36,"column":27},"end":{"line":36,"column":29}}]},"8":{"loc":{"start":{"line":39,"column":6},"end":{"line":43,"column":7}},"type":"if","locations":[{"start":{"line":39,"column":6},"end":{"line":43,"column":7}},{"start":{"line":41,"column":13},"end":{"line":43,"column":7}}]},"9":{"loc":{"start":{"line":39,"column":10},"end":{"line":39,"column":57}},"type":"binary-expr","locations":[{"start":{"line":39,"column":10},"end":{"line":39,"column":33}},{"start":{"line":39,"column":37},"end":{"line":39,"column":55}}]},"10":{"loc":{"start":{"line":39,"column":37},"end":{"line":39,"column":55}},"type":"cond-expr","locations":[{"start":{"line":39,"column":49},"end":{"line":39,"column":51}},{"start":{"line":39,"column":49},"end":{"line":39,"column":55}}]},"11":{"loc":{"start":{"line":39,"column":37},"end":{"line":39,"column":51}},"type":"binary-expr","locations":[{"start":{"line":39,"column":37},"end":{"line":39,"column":51}},{"start":{"line":39,"column":49},"end":{"line":39,"column":51}}]},"12":{"loc":{"start":{"line":40,"column":17},"end":{"line":40,"column":75}},"type":"cond-expr","locations":[{"start":{"line":40,"column":49},"end":{"line":40,"column":53}},{"start":{"line":40,"column":53},"end":{"line":40,"column":75}}]},"13":{"loc":{"start":{"line":40,"column":17},"end":{"line":40,"column":53}},"type":"binary-expr","locations":[{"start":{"line":40,"column":17},"end":{"line":40,"column":53}},{"start":{"line":40,"column":49},"end":{"line":40,"column":53}}]},"14":{"loc":{"start":{"line":40,"column":17},"end":{"line":40,"column":49}},"type":"cond-expr","locations":[{"start":{"line":40,"column":40},"end":{"line":40,"column":42}},{"start":{"line":40,"column":40},"end":{"line":40,"column":49}}]},"15":{"loc":{"start":{"line":40,"column":17},"end":{"line":40,"column":42}},"type":"binary-expr","locations":[{"start":{"line":40,"column":17},"end":{"line":40,"column":42}},{"start":{"line":40,"column":40},"end":{"line":40,"column":42}}]},"16":{"loc":{"start":{"line":80,"column":13},"end":{"line":80,"column":171}},"type":"binary-expr","locations":[{"start":{"line":80,"column":13},"end":{"line":80,"column":20}},{"start":{"line":80,"column":24},"end":{"line":80,"column":171}}]},"17":{"loc":{"start":{"line":81,"column":13},"end":{"line":81,"column":167}},"type":"binary-expr","locations":[{"start":{"line":81,"column":13},"end":{"line":81,"column":18}},{"start":{"line":81,"column":22},"end":{"line":81,"column":167}}]},"18":{"loc":{"start":{"line":117,"column":37},"end":{"line":117,"column":105}},"type":"binary-expr","locations":[{"start":{"line":117,"column":37},"end":{"line":117,"column":45}},{"start":{"line":117,"column":51},"end":{"line":117,"column":104}}]},"19":{"loc":{"start":{"line":120,"column":17},"end":{"line":120,"column":51}},"type":"cond-expr","locations":[{"start":{"line":120,"column":27},"end":{"line":120,"column":39}},{"start":{"line":120,"column":42},"end":{"line":120,"column":51}}]}},"s":{"0":0,"1":0,"2":0,"3":0,"4":0,"5":0,"6":0,"7":0,"8":0,"9":0,"10":0,"11":0,"12":0,"13":0,"14":0,"15":0,"16":0,"17":0,"18":0,"19":0,"20":0,"21":0,"22":0,"23":0,"24":0,"25":0,"26":0,"27":0,"28":0,"29":0,"30":0,"31":0,"32":0,"33":0,"34":0,"35":0,"36":0,"37":0,"38":0,"39":0,"40":0,"41":0,"42":0},"f":{"0":0,"1":0,"2":0,"3":0,"4":0,"5":0,"6":0,"7":0,"8":0,"9":0,"10":0,"11":0},"b":{"0":[0],"1":[0,0],"2":[0,0],"3":[0,0],"4":[0,0],"5":[0,0],"6":[0,0],"7":[0,0],"8":[0,0],"9":[0,0],"10":[0,0],"11":[0,0],"12":[0,0],"13":[0,0],"14":[0,0],"15":[0,0],"16":[0,0],"17":[0,0],"18":[0,0],"19":[0,0]}}
[...]
{"start":{"line":158,"column":82},"end":{"line":158,"column":96}},"type":"cond-expr","locations":[{"start":{"line":158,"column":86},"end":{"line":158,"column":88}},{"start":{"line":158,"column":82},"end":{"line":158,"column":96}}]},"41":{"loc":{"start":{"line":158,"column":82},"end":{"line":158,"column":88}},"type":"binary-expr","locations":[{"start":{"line":158,"column":82},"end":{"line":158,"column":88}},{"start":{"line":158,"column":82},"end":{"line":158,"column":88}}]},"42":{"loc":{"start":{"line":159,"column":48},"end":{"line":159,"column":59}},"type":"cond-expr","locations":[{"start":{"line":159,"column":52},"end":{"line":159,"column":54}},{"start":{"line":159,"column":48},"end":{"line":159,"column":59}}]},"43":{"loc":{"start":{"line":159,"column":48},"end":{"line":159,"column":54}},"type":"binary-expr","locations":[{"start":{"line":159,"column":48},"end":{"line":159,"column":54}},{"start":{"line":159,"column":48},"end":{"line":159,"column":54}}]},"44":{"loc":{"start":{"line":166,"column":62},"end":{"line":166,"column":85}},"type":"cond-expr","locations":[{"start":{"line":166,"column":80},"end":{"line":166,"column":84}},{"start":{"line":166,"column":84},"end":{"line":166,"column":85}}]},"45":{"loc":{"start":{"line":166,"column":62},"end":{"line":166,"column":84}},"type":"binary-expr","locations":[{"start":{"line":166,"column":62},"end":{"line":166,"column":84}},{"start":{"line":166,"column":80},"end":{"line":166,"column":84}}]},"46":{"loc":{"start":{"line":166,"column":62},"end":{"line":166,"column":80}},"type":"cond-expr","locations":[{"start":{"line":166,"column":67},"end":{"line":166,"column":69}},{"start":{"line":166,"column":62},"end":{"line":166,"column":80}}]},"47":{"loc":{"start":{"line":166,"column":62},"end":{"line":166,"column":69}},"type":"binary-expr","locations":[{"start":{"line":166,"column":62},"end":{"line":166,"column":69}},{"start":{"line":166,"column":62},"end":{"line":166,"column":69}}]},"48":{"loc":{"start":{"line":174,"column":62},"end":{"line":174,"column":88}},"type":"cond-expr","locations":[{"start":{"line":174,"column":83},"end":{"line":174,"column":87}},{"start":{"line":174,"column":87},"end":{"line":174,"column":88}}]},"49":{"loc":{"start":{"line":174,"column":62},"end":{"line":174,"column":87}},"type":"binary-expr","locations":[{"start":{"line":174,"column":62},"end":{"line":174,"column":87}},{"start":{"line":174,"column":83},"end":{"line":174,"column":87}}]},"50":{"loc":{"start":{"line":174,"column":62},"end":{"line":174,"column":83}},"type":"cond-expr","locations":[{"start":{"line":174,"column":67},"end":{"line":174,"column":69}},{"start":{"line":174,"column":62},"end":{"line":174,"column":83}}]},"51":{"loc":{"start":{"line":174,"column":62},"end":{"line":174,"column":69}},"type":"binary-expr","locations":[{"start":{"line":174,"column":62},"end":{"line":174,"column":69}},{"start":{"line":174,"column":62},"end":{"line":174,"column":69}}]},"52":{"loc":{"start":{"line":182,"column":62},"end":{"line":182,"column":88}},"type":"cond-expr","locations":[{"start":{"line":182,"column":83},"end":{"line":182,"column":87}},{"start":{"line":182,"column":87},"end":{"line":182,"column":88}}]},"53":{"loc":{"start":{"line":182,"column":62},"end":{"line":182,"column":87}},"type":"binary-expr","locations":[{"start":{"line":182,"column":62},"end":{"line":182,"column":87}},{"start":{"line":182,"column":83},"end":{"line":182,"column":87}}]},"54":{"loc":{"start":{"line":182,"column":62},"end":{"line":182,"column":83}},"type":"cond-expr","locations":[{"start":{"line":182,"column":67},"end":{"line":182,"column":69}},{"start":{"line":182,"column":62},"end":{"line":182,"column":83}}]},"55":{"loc":{"start":{"line":182,"column":62},"end":{"line":182,"column":69}},"type":"binary-expr","locations":[{"start":{"line":182,"column":62},"end":{"line":182,"column":69}},{"start":{"line":182,"column":62},"end":{"line":182,"column":69}}]},"56":{"loc":{"start":{"line":213,"column":9},"end":{"line":213,"column":90}},"type":"binary-expr","locations":[{"start":{"line":213,"column":9},"end":{"line":213,"column":23}},{"start":{"line":213,"column":27},"end":{"line":213,"column":90}}]},"57":{"loc":{"start":{"line":214,"column":9},"end":{"line":214,"column":89}},"type":"binary-expr","locations":[{"start":{"line":214,"column":9},"end":{"line":214,"column":23}},{"start":{"line":214,"column":27},"end":{"line":214,"column":89}}]},"58":{"loc":{"start":{"line":221,"column":7},"end":{"line":268,"column":null}},"type":"binary-expr","locations":[{"start":{"line":221,"column":8},"end":{"line":221,"column":26}},{"start":{"line":221,"column":30},"end":{"line":221,"column":48}},{"start":{"line":222,"column":8},"end":{"line":267,"column":null}}]},"59":{"loc":{"start":{"line":225,"column":63},"end":{"line":225,"column":109}},"type":"cond-expr","locations":[{"start":{"line":225,"column":84},"end":{"line":225,"column":95}},{"start":{"line":225,"column":98},"end":{"line":225,"column":109}}]},"60":{"loc":{"start":{"line":235,"column":13},"end":{"line":265,"column":null}},"type":"cond-expr","locations":[{"start":{"line":236,"column":14},"end":{"line":237,"column":null}},{"start":{"line":239,"column":16},"end":{"line":265,"column":null}}]},"61":{"loc":{"start":{"line":239,"column":16},"end":{"line":265,"column":null}},"type":"cond-expr","locations":[{"start":{"line":240,"column":14},"end":{"line":240,"column":129}},{"start":{"line":242,"column":14},"end":{"line":264,"column":null}}]},"62":{"loc":{"start":{"line":243,"column":17},"end":{"line":263,"column":null}},"type":"cond-expr","locations":[{"start":{"line":244,"column":18},"end":{"line":244,"column":91}},{"start":{"line":246,"column":18},"end":{"line":263,"column":20}}]},"63":{"loc":{"start":{"line":243,"column":18},"end":{"line":243,"column":60}},"type":"cond-expr","locations":[{"start":{"line":243,"column":39},"end":{"line":243,"column":48}},{"start":{"line":243,"column":51},"end":{"line":243,"column":60}}]},"64":{"loc":{"start":{"line":246,"column":19},"end":{"line":246,"column":61}},"type":"cond-expr","locations":[{"start":{"line":246,"column":40},"end":{"line":246,"column":49}},{"start":{"line":246,"column":52},"end":{"line":246,"column":61}}]},"65":{"loc":{"start":{"line":257,"column":96},"end":{"line":257,"column":231}},"type":"cond-expr","locations":[{"start":{"line":257,"column":115},"end":{"line":257,"column":167}},{"start":{"line":257,"column":170},"end":{"line":257,"column":231}}]},"66":{"loc":{"start":{"line":259,"column":27},"end":{"line":259,"column":117}},"type":"cond-expr","locations":[{"start":{"line":259,"column":66},"end":{"line":259,"column":82}},{"start":{"line":259,"column":85},"end":{"line":259,"column":117}}]}},"s":{"0":0,"1":0,"2":0,"3":0,"4":0,"5":0,"6":0,"7":0,"8":0,"9":0,"10":0,"11":0,"12":0,"13":0,"14":0,"15":0,"16":0,"17":0,"18":0,"19":0,"20":0,"21":0,"22":0,"23":0,"24":0,"25":0,"26":0,"27":0,"28":0,"29":0,"30":0,"31":0,"32":0,"33":0,"34":0,"35":0,"36":0,"37":0,"38":0,"39":0,"40":0,"41":0,"42":0,"43":0,"44":0,"45":0,"46":0,"47":0,"48":0,"49":0,"50":0,"51":0,"52":0,"53":0,"54":0,"55":0,"56":0,"57":0,"58":0,"59":0,"60":0,"61":0,"62":0,"63":0,"64":0,"65":0,"66":0,"67":0,"68":0,"69":0,"70":0,"71":0,"72":0,"73":0,"74":0,"75":0,"76":0,"77":0,"78":0,"79":0,"80":0,"81":0,"82":0,"83":0,"84":0,"85":0,"86":0,"87":0,"88":0,"89":0,"90":0,"91":0,"92":0,"93":0,"94":0,"95":0,"96":0,"97":0,"98":0,"99":0,"100":0,"101":0,"102":0,"103":0,"104":0,"105":0,"106":0,"107":0,"108":0,"109":0,"110":0,"111":0,"112":0,"113":0,"114":0,"115":0,"116":0},"f":{"0":0,"1":0,"2":0,"3":0,"4":0,"5":0,"6":0,"7":0,"8":0,"9":0,"10":0,"11":0,"12":0,"13":0,"14":0,"15":0,"16":0,"17":0,"18":0,"19":0,"20":0,"21":0,"22":0,"23":0,"24":0,"25":0,"26":0,"27":0,"28":0,"29":0},"b":{"0":[0,0],"1":[0,0],"2":[0,0],"3":[0,0],"4":[0,0],"5":[0,0],"6":[0,0],"7":[0,0],"8":[0,0],"9":[0,0],"10":[0,0],"11":[0,0],"12":[0,0],"13":[0,0],"14":[0,0],"15":[0,0],"16":[0],"17":[0,0,0],"18":[0,0],"19":[0],"20":[0,0],"21":[0],"22":[0],"23":[0],"24":[0],"25":[0,0],"26":[0,0],"27":[0,0],"28":[0,0],"29":[0,0],"30":[0,0],"31":[0,0],"32":[0,0],"33":[0,0],"34":[0,0],"35":[0,0],"36":[0,0],"37":[0,0],"38":[0,0],"39":[0,0],"40":[0,0],"41":[0,0],"42":[0,0],"43":[0,0],"44":[0,0],"45":[0,0],"46":[0,0],"47":[0,0],"48":[0,0],"49":[0,0],"50":[0,0],"51":[0,0],"52":[0,0],"53":[0,0],"54":[0,0],"55":[0,0],"56":[0,0],"57":[0,0],"58":[0,0,0],"59":[0,0],"60":[0,0],"61":[0,0],"62":[0,0],"63":[0,0],"64":[0,0],"65":[0,0],"66":[0,0]}}
,"C:\\Users\\Acer\\OneDrive\\Desktop\\3rdYear\\IT342SIA\\SplitShare\\web\\src\\features\\profile\\services\\userService.ts": {"path":"C:\\Users\\Acer\\OneDrive\\Desktop\\3rdYear\\IT342SIA\\SplitShare\\web\\src\\features\\profile\\services\\userService.ts","statementMap":{"0":{"start":{"line":1,"column":0},"end":{"line":1,"column":47}},"1":{"start":{"line":5,"column":13},"end":{"line":16,"column":2}},"2":{"start":{"line":6,"column":29},"end":{"line":6,"column":113}},"3":{"start":{"line":7,"column":20},"end":{"line":7,"column":79}},"4":{"start":{"line":8,"column":22},"end":{"line":8,"column":86}},"5":{"start":{"line":9,"column":22},"end":{"line":9,"column":86}},"6":{"start":{"line":10,"column":22},"end":{"line":10,"column":82}},"7":{"start":{"line":11,"column":25},"end":{"line":11,"column":85}},"8":{"start":{"line":13,"column":4},"end":{"line":13,"column":71}},"9":{"start":{"line":14,"column":26},"end":{"line":14,"column":78}},"10":{"start":{"line":15,"column":28},"end":{"line":15,"column":82}}},"fnMap":{"0":{"name":"(anonymous_1)","decl":{"start":{"line":6,"column":10},"end":{"line":6,"column":11}},"loc":{"start":{"line":6,"column":29},"end":{"line":6,"column":113}}},"1":{"name":"(anonymous_2)","decl":{"start":{"line":7,"column":14},"end":{"line":7,"column":17}},"loc":{"start":{"line":7,"column":20},"end":{"line":7,"column":79}}},"2":{"name":"(anonymous_3)","decl":{"start":{"line":8,"column":16},"end":{"line":8,"column":19}},"loc":{"start":{"line":8,"column":22},"end":{"line":8,"column":86}}},"3":{"name":"(anonymous_4)","decl":{"start":{"line":9,"column":16},"end":{"line":9,"column":19}},"loc":{"start":{"line":9,"column":22},"end":{"line":9,"column":86}}},"4":{"name":"(anonymous_5)","decl":{"start":{"line":10,"column":16},"end":{"line":10,"column":19}},"loc":{"start":{"line":10,"column":22},"end":{"line":10,"column":82}}},"5":{"name":"(anonymous_6)","decl":{"start":{"line":11,"column":19},"end":{"line":11,"column":22}},"loc":{"start":{"line":11,"column":25},"end":{"line":11,"column":85}}},"6":{"name":"(anonymous_7)","decl":{"start":{"line":12,"column":17},"end":{"line":12,"column":18}},"loc":{"start":{"line":13,"column":4},"end":{"line":13,"column":71}}},"7":{"name":"(anonymous_8)","decl":{"start":{"line":14,"column":10},"end":{"line":14,"column":11}},"loc":{"start":{"line":14,"column":26},"end":{"line":14,"column":78}}},"8":{"name":"(anonymous_9)","decl":{"start":{"line":15,"column":12},"end":{"line":15,"column":13}},"loc":{"start":{"line":15,"column":28},"end":{"line":15,"column":82}}}},"branchMap":{},"s":{"0":0,"1":0,"2":0,"3":0,"4":0,"5":0,"6":0,"7":0,"8":0,"9":0,"10":0},"f":{"0":0,"1":0,"2":0,"3":0,"4":0,"5":0,"6":0,"7":0,"8":0},"b":{}}
,"C:\\Users\\Acer\\OneDrive\\Desktop\\3rdYear\\IT342SIA\\SplitShare\\web\\src\\features\\settings\\pages\\SettingsPage.tsx": {"path":"C:\\Users\\Acer\\OneDrive\\Desktop\\3rdYear\\IT342SIA\\SplitShare\\web\\src\\features\\settings\\pages\\SettingsPage.tsx","statementMap":{"0":{"start":{"line":3,"column":0},"end":{"line":3,"column":24}},"1":{"start":{"line":1,"column":0},"end":{"line":1,"column":33}},"2":{"start":{"line":4,"column":34},"end":{"line":4,"column":67}},"3":{"start":{"line":5,"column":28},"end":{"line":5,"column":46}},"4":{"start":{"line":6,"column":58},"end":{"line":6,"column":72}},"5":{"start":{"line":7,"column":52},"end":{"line":7,"column":64}},"6":{"start":{"line":9,"column":26},"end":{"line":11,"column":3}},"7":{"start":{"line":10,"column":4},"end":{"line":10,"column":53}},"8":{"start":{"line":13,"column":2},"end":{"line":81,"column":4}},"9":{"start":{"line":28,"column":29},"end":{"line":28,"column":43}},"10":{"start":{"line":29,"column":12},"end":{"line":42,"column":14}},"11":{"start":{"line":32,"column":31},"end":{"line":32,"column":45}},"12":{"start":{"line":52,"column":54},"end":{"line":52,"column":81}},"13":{"start":{"line":61,"column":29},"end":{"line":61,"column":69}},"14":{"start":{"line":61,"column":63},"end":{"line":61,"column":68}}},"fnMap":{"0":{"name":"SettingsPage","decl":{"start":{"line":3,"column":24},"end":{"line":3,"column":36}},"loc":{"start":{"line":3,"column":36},"end":{"line":82,"column":1}}},"1":{"name":"(anonymous_1)","decl":{"start":{"line":9,"column":26},"end":{"line":9,"column":29}},"loc":{"start":{"line":9,"column":31},"end":{"line":11,"column":3}}},"2":{"name":"(anonymous_2)","decl":{"start":{"line":27,"column":16},"end":{"line":27,"column":17}},"loc":{"start":{"line":27,"column":25},"end":{"line":43,"column":11}}},"3":{"name":"(anonymous_3)","decl":{"start":{"line":32,"column":25},"end":{"line":32,"column":28}},"loc":{"start":{"line":32,"column":31},"end":{"line":32,"column":45}}},"4":{"name":"(anonymous_4)","decl":{"start":{"line":52,"column":47},"end":{"line":52,"column":48}},"loc":{"start":{"line":52,"column":54},"end":{"line":52,"column":81}}},"5":{"name":"(anonymous_5)","decl":{"start":{"line":61,"column":23},"end":{"line":61,"column":26}},"loc":{"start":{"line":61,"column":29},"end":{"line":61,"column":69}}},"6":{"name":"(anonymous_6)","decl":{"start":{"line":61,"column":53},"end":{"line":61,"column":54}},"loc":{"start":{"line":61,"column":63},"end":{"line":61,"column":68}}}},"branchMap":{"0":{"loc":{"start":{"line":35,"column":31},"end":{"line":35,"column":63}},"type":"cond-expr","locations":[{"start":{"line":35,"column":42},"end":{"line":35,"column":51}},{"start":{"line":35,"column":54},"end":{"line":35,"column":63}}]},"1":{"loc":{"start":{"line":36,"column":25},"end":{"line":36,"column":57}},"type":"cond-expr","locations":[{"start":{"line":36,"column":36},"end":{"line":36,"column":45}},{"start":{"line":36,"column":48},"end":{"line":36,"column":57}}]},"2":{"loc":{"start":{"line":37,"column":30},"end":{"line":37,"column":62}},"type":"cond-expr","locations":[{"start":{"line":37,"column":41},"end":{"line":37,"column":50}},{"start":{"line":37,"column":53},"end":{"line":37,"column":62}}]},"3":{"loc":{"start":{"line":64,"column":29},"end":{"line":64,"column":73}},"type":"cond-expr","locations":[{"start":{"line":64,"column":52},"end":{"line":64,"column":61}},{"start":{"line":64,"column":64},"end":{"line":64,"column":73}}]},"4":{"loc":{"start":{"line":65,"column":23},"end":{"line":65,"column":67}},"type":"cond-expr","locations":[{"start":{"line":65,"column":46},"end":{"line":65,"column":55}},{"start":{"line":65,"column":58},"end":{"line":65,"column":67}}]},"5":{"loc":{"start":{"line":66,"column":28},"end":{"line":66,"column":72}},"type":"cond-expr","locations":[{"start":{"line":66,"column":51},"end":{"line":66,"column":60}},{"start":{"line":66,"column":63},"end":{"line":66,"column":72}}]},"6":{"loc":{"start":{"line":69,"column":15},"end":{"line":69,"column":60}},"type":"cond-expr","locations":[{"start":{"line":69,"column":38},"end":{"line":69,"column":47}},{"start":{"line":69,"column":50},"end":{"line":69,"column":60}}]},"7":{"loc":{"start":{"line":73,"column":9},"end":{"line":73,"column":96}},"type":"binary-expr","locations":[{"start":{"line":73,"column":9},"end":{"line":73,"column":26}},{"start":{"line":73,"column":30},"end":{"line":73,"column":96}}]}},"s":{"0":0,"1":0,"2":0,"3":0,"4":0,"5":0,"6":0,"7":0,"8":0,"9":0,"10":0,"11":0,"12":0,"13":0,"14":0},"f":{"0":0,"1":0,"2":0,"3":0,"4":0,"5":0,"6":0},"b":{"0":[0,0],"1":[0,0],"2":[0,0],"3":[0,0],"4":[0,0],"5":[0,0],"6":[0,0],"7":[0,0]}}
,"C:\\Users\\Acer\\OneDrive\\Desktop\\3rdYear\\IT342SIA\\SplitShare\\web\\src\\shared\\services\\api.ts": {"path":"C:\\Users\\Acer\\OneDrive\\Desktop\\3rdYear\\IT342SIA\\SplitShare\\web\\src\\shared\\services\\api.ts","statementMap":{"0":{"start":{"line":1,"column":0},"end":{"line":1,"column":26}},"1":{"start":{"line":11,"column":12},"end":{"line":14,"column":2}},"2":{"start":{"line":17,"column":0},"end":{"line":27,"column":3}},"3":{"start":{"line":18,"column":16},"end":{"line":18,"column":51}},"4":{"start":{"line":19,"column":2},"end":{"line":19,"column":62}},"5":{"start":{"line":19,"column":13},"end":{"line":19,"column":62}},"6":{"start":{"line":22,"column":2},"end":{"line":24,"column":3}},"7":{"start":{"line":23,"column":4},"end":{"line":23,"column":42}},"8":{"start":{"line":26,"column":2},"end":{"line":26,"column":16}},"9":{"start":{"line":29,"column":13},"end":{"line":35,"column":2}},"10":{"start":{"line":31,"column":4},"end":{"line":31,"column":59}},"11":{"start":{"line":34,"column":4},"end":{"line":34,"column":56}},"12":{"start":{"line":37,"column":13},"end":{"line":46,"column":2}},"13":{"start":{"line":39,"column":4},"end":{"line":39,"column":56}},"14":{"start":{"line":42,"column":4},"end":{"line":42,"column":80}},"15":{"start":{"line":45,"column":4},"end":{"line":45,"column":88}},"16":{"start":{"line":48,"column":0},"end":{"line":48,"column":19}}},"fnMap":{"0":{"name":"(anonymous_1)","decl":{"start":{"line":17,"column":29},"end":{"line":17,"column":30}},"loc":{"start":{"line":17,"column":40},"end":{"line":27,"column":1}}},"1":{"name":"(anonymous_2)","decl":{"start":{"line":30,"column":12},"end":{"line":30,"column":13}},"loc":{"start":{"line":31,"column":4},"end":{"line":31,"column":59}}},"2":{"name":"(anonymous_3)","decl":{"start":{"line":33,"column":9},"end":{"line":33,"column":10}},"loc":{"start":{"line":34,"column":4},"end":{"line":34,"column":56}}},"3":{"name":"(anonymous_4)","decl":{"start":{"line":38,"column":12},"end":{"line":38,"column":15}},"loc":{"start":{"line":39,"column":4},"end":{"line":39,"column":56}}},"4":{"name":"(anonymous_5)","decl":{"start":{"line":41,"column":20},"end":{"line":41,"column":21}},"loc":{"start":{"line":42,"column":4},"end":{"line":42,"column":80}}},"5":{"name":"(anonymous_6)","decl":{"start":{"line":44,"column":16},"end":{"line":44,"column":17}},"loc":{"start":{"line":45,"column":4},"end":{"line":45,"column":88}}}},"branchMap":{"0":{"loc":{"start":{"line":19,"column":2},"end":{"line":19,"column":62}},"type":"if","locations":[{"start":{"line":19,"column":2},"end":{"line":19,"column":62}}]},"1":{"loc":{"start":{"line":22,"column":2},"end":{"line":24,"column":3}},"type":"if","locations":[{"start":{"line":22,"column":2},"end":{"line":24,"column":3}}]},"2":{"loc":{"start":{"line":44,"column":17},"end":{"line":44,"column":27}},"type":"default-arg","locations":[{"start":{"line":44,"column":25},"end":{"line":44,"column":27}}]}},"s":{"0":1,"1":1,"2":1,"3":0,"4":0,"5":0,"6":0,"7":0,"8":0,"9":1,"10":0,"11":0,"12":1,"13":0,"14":0,"15":0,"16":1},"f":{"0":0,"1":0,"2":0,"3":0,"4":0,"5":0},"b":{"0":[0],"1":[0],"2":[0]}}
,"C:\\Users\\Acer\\OneDrive\\Desktop\\3rdYear\\IT342SIA\\SplitShare\\web\\src\\shared\\utils\\format.ts": {"path":"C:\\Users\\Acer\\OneDrive\\Desktop\\3rdYear\\IT342SIA\\SplitShare\\web\\src\\shared\\utils\\format.ts","statementMap":{"0":{"start":{"line":1,"column":0},"end":{"line":1,"column":16}},"1":{"start":{"line":5,"column":0},"end":{"line":5,"column":16}},"2":{"start":{"line":2,"column":2},"end":{"line":2,"column":113}},"3":{"start":{"line":6,"column":2},"end":{"line":6,"column":57}}},"fnMap":{"0":{"name":"formatPeso","decl":{"start":{"line":1,"column":16},"end":{"line":1,"column":26}},"loc":{"start":{"line":1,"column":40},"end":{"line":3,"column":1}}},"1":{"name":"signedPeso","decl":{"start":{"line":5,"column":16},"end":{"line":5,"column":26}},"loc":{"start":{"line":5,"column":40},"end":{"line":7,"column":1}}}},"branchMap":{"0":{"loc":{"start":{"line":6,"column":12},"end":{"line":6,"column":34}},"type":"cond-expr","locations":[{"start":{"line":6,"column":25},"end":{"line":6,"column":28}},{"start":{"line":6,"column":31},"end":{"line":6,"column":34}}]}},"s":{"0":0,"1":0,"2":0,"3":0},"f":{"0":0,"1":0},"b":{"0":[0,0]}}
}
