TN:
SF:src\App.tsx
FN:17,App
FNF:1
FNH:0
FNDA:0,App
DA:1,0
DA:2,0
DA:3,0
DA:4,0
DA:5,0
DA:6,0
DA:7,0
DA:8,0
DA:9,0
DA:10,0
DA:11,0
DA:12,0
DA:13,0
DA:14,0
DA:15,0
DA:17,0
DA:18,0
LF:17
LH:0
BRF:0
BRH:0
end_of_record
TN:
SF:src\features\activity\pages\ActivityDetailsPage.tsx
FN:9,ActivityDetailsPage
FN:26,(anonymous_9)
FN:32,(anonymous_10)
FN:33,(anonymous_11)
FN:37,(anonymous_12)
FN:59,(anonymous_13)
FN:59,(anonymous_14)
FN:75,(anonymous_15)
FN:75,(anonymous_16)
FN:151,(anonymous_17)
FN:168,(anonymous_18)
FN:195,(anonymous_19)
FN:202,(anonymous_20)
FN:209,(anonymous_21)
FN:213,(anonymous_22)
FN:229,(anonymous_23)
FN:230,(anonymous_24)
FNF:17
FNH:0
FNDA:0,ActivityDetailsPage
FNDA:0,(anonymous_9)
FNDA:0,(anonymous_10)
FNDA:0,(anonymous_11)
FNDA:0,(anonymous_12)
FNDA:0,(anonymous_13)
FNDA:0,(anonymous_14)
FNDA:0,(anonymous_15)
FNDA:0,(anonymous_16)
FNDA:0,(anonymous_17)
FNDA:0,(anonymous_18)
FNDA:0,(anonymous_19)
FNDA:0,(anonymous_20)
FNDA:0,(anonymous_21)
FNDA:0,(anonymous_22)
FNDA:0,(anonymous_23)
FNDA:0,(anonymous_24)
DA:1,0
DA:2,0
DA:3,0
DA:4,0
DA:5,0
DA:7,0
DA:9,0
DA:10,0
DA:11,0
DA:12,0
DA:13,0
DA:14,0
DA:16,0
DA:17,0
DA:18,0
DA:19,0
DA:20,0
DA:21,0
DA:22,0
DA:23,0
DA:24,0
DA:26,0
DA:27,0
DA:29,0
DA:30,0
DA:31,0
DA:32,0
DA:34,0
DA:35,0
DA:37,0
DA:40,0
DA:41,0
DA:44,0
DA:45,0
DA:48,0
DA:49,0
DA:52,0
DA:53,0
DA:56,0
DA:57,0
DA:59,0
DA:60,0
DA:61,0
DA:62,0
DA:63,0
DA:64,0
DA:65,0
DA:66,0
DA:67,0
DA:69,0
DA:71,0
DA:75,0
DA:76,0
DA:78,0
DA:79,0
DA:80,0
DA:81,0
DA:82,0
DA:83,0
DA:84,0
DA:86,0
DA:89,0
DA:91,0
DA:95,0
DA:97,0
DA:152,0
DA:153,0
DA:168,0
DA:195,0
DA:203,0
DA:204,0
DA:209,0
DA:214,0
DA:215,0
DA:229,0
DA:230,0
LF:76
LH:0
BRDA:27,0,0,0
BRDA:32,1,0,0
BRDA:32,1,1,0
BRDA:32,2,0,0
BRDA:32,2,1,0
BRDA:34,3,0,0
BRDA:34,3,1,0
BRDA:34,4,0,0
BRDA:34,4,1,0
BRDA:34,5,0,0
BRDA:34,5,1,0
BRDA:34,6,0,0
BRDA:34,6,1,0
BRDA:34,7,0,0
BRDA:34,7,1,0
BRDA:34,8,0,0
BRDA:34,8,1,0
BRDA:34,9,0,0
BRDA:34,9,1,0
BRDA:34,10,0,0
BRDA:34,10,1,0
BRDA:35,11,0,0
BRDA:35,11,1,0
BRDA:35,12,0,0
BRDA:35,12,1,0
BRDA:40,13,0,0
BRDA:44,14,0,0
BRDA:48,15,0,0
BRDA:52,16,0,0
BRDA:53,17,0,0
BRDA:53,17,1,0
BRDA:57,18,0,0
BRDA:57,18,1,0
BRDA:57,19,0,0
BRDA:57,19,1,0
BRDA:57,20,0,0
BRDA:57,20,1,0
BRDA:57,21,0,0
BRDA:57,21,1,0
BRDA:65,22,0,0
BRDA:65,22,1,0
BRDA:65,23,0,0
BRDA:65,23,1,0
BRDA:69,24,0,0
BRDA:69,24,1,0
BRDA:69,25,0,0
BRDA:69,25,1,0
BRDA:69,26,0,0
BRDA:69,26,1,0
BRDA:69,27,0,0
BRDA:69,27,1,0
BRDA:69,28,0,0
BRDA:69,28,1,0
BRDA:69,29,0,0
BRDA:69,29,1,0
BRDA:69,30,0,0
BRDA:69,30,1,0
BRDA:69,31,0,0
BRDA:69,31,1,0
BRDA:69,32,0,0
BRDA:69,32,1,0
BRDA:69,33,0,0
BRDA:69,33,1,0
BRDA:76,34,0,0
BRDA:83,35,0,0
BRDA:83,35,1,0
BRDA:89,36,0,0
BRDA:89,36,1,0
BRDA:89,37,0,0
BRDA:89,37,1,0
BRDA:89,38,0,0
BRDA:89,38,1,0
BRDA:89,39,0,0
BRDA:89,39,1,0
BRDA:89,40,0,0
BRDA:89,40,1,0
BRDA:89,41,0,0
BRDA:89,41,1,0
BRDA:89,42,0,0
BRDA:89,42,1,0
BRDA:89,43,0,0
BRDA:89,43,1,0
BRDA:89,44,0,0
BRDA:89,44,1,0
BRDA:89,45,0,0
BRDA:89,45,1,0
BRDA:105,46,0,0
BRDA:105,46,1,0
BRDA:112,47,0,0
BRDA:112,47,1,0
BRDA:113,48,0,0
BRDA:113,48,1,0
BRDA:132,49,0,0
BRDA:132,49,1,0
BRDA:138,50,0,0
BRDA:138,50,1,0
BRDA:139,51,0,0
BRDA:139,51,1,0
BRDA:144,52,0,0
BRDA:144,52,1,0
BRDA:148,53,0,0
BRDA:148,53,1,0
BRDA:165,54,0,0
BRDA:165,54,1,0
BRDA:199,55,0,0
BRDA:199,55,1,0
BRDA:199,55,2,0
BRDA:221,56,0,0
BRDA:221,56,1,0
BRDA:231,57,0,0
BRDA:231,57,1,0
BRF:111
BRH:0
end_of_record
TN:
SF:src\features\activity\pages\ActivityPage.tsx
FN:7,ActivityPage
FN:14,(anonymous_1)
FN:18,(anonymous_2)
FN:19,(anonymous_3)
FN:23,(anonymous_4)
FN:26,(anonymous_5)
FN:29,(anonymous_6)
FN:48,(anonymous_7)
FN:62,(anonymous_8)
FN:65,(anonymous_9)
FNF:10
FNH:0
FNDA:0,ActivityPage
FNDA:0,(anonymous_1)
FNDA:0,(anonymous_2)
FNDA:0,(anonymous_3)
FNDA:0,(anonymous_4)
FNDA:0,(anonymous_5)
FNDA:0,(anonymous_6)
FNDA:0,(anonymous_7)
FNDA:0,(anonymous_8)
FNDA:0,(anonymous_9)
DA:1,0
DA:2,0
DA:3,0
DA:5,0
DA:7,0
DA:8,0
DA:9,0
DA:10,0
DA:11,0
DA:12,0
DA:14,0
DA:15,0
DA:16,0
DA:17,0
DA:18,0
DA:20,0
DA:21,0
DA:23,0
DA:26,0
DA:27,0
DA:28,0
DA:29,0
DA:30,0
DA:37,0
DA:48,0
DA:63,0
DA:65,0
LF:27
LH:0
BRDA:18,0,0,0
BRDA:18,0,1,0
BRDA:18,1,0,0
BRDA:18,1,1,0
BRDA:20,2,0,0
BRDA:20,2,1,0
BRDA:20,3,0,0
BRDA:20,3,1,0
BRDA:20,4,0,0
BRDA:20,4,1,0
BRDA:20,5,0,0
BRDA:20,5,1,0
BRDA:20,6,0,0
BRDA:20,6,1,0
BRDA:20,7,0,0
BRDA:20,7,1,0
BRDA:20,8,0,0
BRDA:20,8,1,0
BRDA:20,9,0,0
BRDA:20,9,1,0
BRDA:21,10,0,0
BRDA:21,10,1,0
BRDA:21,11,0,0
BRDA:21,11,1,0
BRDA:28,12,0,0
BRDA:30,13,0,0
BRDA:30,13,1,0
BRDA:30,13,2,0
BRDA:30,13,3,0
BRDA:54,14,0,0
BRDA:54,14,1,0
BRDA:57,15,0,0
BRDA:57,15,1,0
BRDA:59,16,0,0
BRDA:59,16,1,0
BRDA:74,17,0,0
BRDA:74,17,1,0
BRF:37
BRH:0
end_of_record
TN:
SF:src\features\admin\pages\AdminPage.tsx
FN:8,formatDate
FN:15,AdminPage
FN:26,(anonymous_10)
FN:32,(anonymous_11)
FN:32,(anonymous_12)
FN:33,(anonymous_13)
FN:33,(anonymous_14)
FN:35,(anonymous_15)
FN:35,(anonymous_16)
FN:55,(anonymous_17)
FN:55,(anonymous_18)
FN:75,(anonymous_19)
FN:80,(anonymous_20)
FN:80,(anonymous_21)
FN:90,(anonymous_22)
FN:90,(anonymous_23)
FN:117,(anonymous_24)
FN:174,(anonymous_25)
FN:195,(anonymous_26)
FN:232,(anonymous_27)
FN:252,(anonymous_28)
FN:254,(anonymous_29)
FN:269,(anonymous_30)
FN:278,(anonymous_31)
FN:279,(anonymous_32)
FNF:25
FNH:0
FNDA:0,formatDate
FNDA:0,AdminPage
FNDA:0,(anonymous_10)
FNDA:0,(anonymous_11)
FNDA:0,(anonymous_12)
FNDA:0,(anonymous_13)
FNDA:0,(anonymous_14)
FNDA:0,(anonymous_15)
FNDA:0,(anonymous_16)
FNDA:0,(anonymous_17)
FNDA:0,(anonymous_18)
FNDA:0,(anonymous_19)
FNDA:0,(anonymous_20)
FNDA:0,(anonymous_21)
FNDA:0,(anonymous_22)
FNDA:0,(anonymous_23)
FNDA:0,(anonymous_24)
FNDA:0,(anonymous_25)
FNDA:0,(anonymous_26)
FNDA:0,(anonymous_27)
FNDA:0,(anonymous_28)
FNDA:0,(anonymous_29)
FNDA:0,(anonymous_30)
FNDA:0,(anonymous_31)
FNDA:0,(anonymous_32)
DA:1,0
DA:2,0
DA:3,0
DA:4,0
DA:5,0
DA:9,0
DA:10,0
DA:11,0
DA:12,0
DA:15,0
DA:16,0
DA:17,0
DA:18,0
DA:19,0
DA:20,0
DA:21,0
DA:22,0
DA:23,0
DA:24,0
DA:26,0
DA:27,0
DA:28,0
DA:29,0
DA:32,0
DA:33,0
DA:35,0
DA:36,0
DA:37,0
DA:38,0
DA:39,0
DA:40,0
DA:42,0
DA:45,0
DA:46,0
DA:48,0
DA:51,0
DA:55,0
DA:56,0
DA:57,0
DA:58,0
DA:59,0
DA:60,0
DA:62,0
DA:65,0
DA:66,0
DA:68,0
DA:71,0
DA:75,0
DA:76,0
DA:77,0
DA:80,0
DA:81,0
DA:82,0
DA:83,0
DA:84,0
DA:85,0
DA:86,0
DA:87,0
DA:90,0
DA:91,0
DA:93,0
DA:94,0
DA:96,0
DA:99,0
DA:103,0
DA:117,0
DA:175,0
DA:195,0
DA:232,0
DA:252,0
DA:254,0
DA:269,0
DA:278,0
DA:279,0
LF:74
LH:0
BRDA:9,0,0,0
BRDA:11,1,0,0
BRDA:39,2,0,0
BRDA:39,2,1,0
BRDA:39,3,0,0
BRDA:39,3,1,0
BRDA:42,4,0,0
BRDA:42,4,1,0
BRDA:42,5,0,0
BRDA:42,5,1,0
BRDA:42,6,0,0
BRDA:42,6,1,0
BRDA:42,7,0,0
BRDA:42,7,1,0
BRDA:45,8,0,0
BRDA:45,8,1,0
BRDA:45,9,0,0
BRDA:45,9,1,0
BRDA:45,10,0,0
BRDA:45,10,1,0
BRDA:45,11,0,0
BRDA:45,11,1,0
BRDA:46,12,0,0
BRDA:46,12,1,0
BRDA:46,13,0,0
BRDA:46,13,1,0
BRDA:46,14,0,0
BRDA:46,14,1,0
BRDA:46,15,0,0
BRDA:46,15,1,0
BRDA:59,16,0,0
BRDA:59,16,1,0
BRDA:59,17,0,0
BRDA:59,17,1,0
BRDA:62,18,0,0
BRDA:62,18,1,0
BRDA:62,19,0,0
BRDA:62,19,1,0
BRDA:62,20,0,0
BRDA:62,20,1,0
BRDA:62,21,0,0
BRDA:62,21,1,0
BRDA:65,22,0,0
BRDA:65,22,1,0
BRDA:65,23,0,0
BRDA:65,23,1,0
BRDA:65,24,0,0
BRDA:65,24,1,0
BRDA:65,25,0,0
BRDA:65,25,1,0
BRDA:66,26,0,0
BRDA:66,26,1,0
BRDA:66,27,0,0
BRDA:66,27,1,0
BRDA:66,28,0,0
BRDA:66,28,1,0
BRDA:66,29,0,0
BRDA:66,29,1,0
BRDA:85,30,0,0
BRDA:85,31,0,0
BRDA:85,31,1,0
BRDA:86,32,0,0
BRDA:86,32,1,0
BRDA:86,33,0,0
BRDA:86,33,1,0
BRDA:86,34,0,0
BRDA:86,34,1,0
BRDA:86,35,0,0
BRDA:86,35,1,0
BRDA:90,36,0,0
BRDA:90,36,1,0
BRDA:93,37,0,0
BRDA:93,37,1,0
BRDA:93,38,0,0
BRDA:93,38,1,0
BRDA:93,39,0,0
BRDA:93,39,1,0
BRDA:93,40,0,0
BRDA:93,40,1,0
BRDA:94,41,0,0
BRDA:94,41,1,0
BRDA:94,42,0,0
BRDA:94,42,1,0
BRDA:94,43,0,0
BRDA:94,43,1,0
BRDA:94,44,0,0
BRDA:94,44,1,0
BRDA:125,45,0,0
BRDA:125,45,1,0
BRDA:157,46,0,0
BRDA:157,46,1,0
BRDA:159,47,0,0
BRDA:159,47,1,0
BRDA:185,48,0,0
BRDA:185,48,1,0
BRDA:186,49,0,0
BRDA:186,49,1,0
BRDA:189,50,0,0
BRDA:189,50,1,0
BRDA:198,51,0,0
BRDA:198,51,1,0
BRDA:200,52,0,0
BRDA:200,52,1,0
BRDA:202,53,0,0
BRDA:202,53,1,0
BRDA:226,54,0,0
BRDA:226,54,1,0
BRDA:228,55,0,0
BRDA:228,55,1,0
BRDA:237,56,0,0
BRDA:237,56,1,0
BRDA:237,57,0,0
BRDA:237,57,1,0
BRDA:239,58,0,0
BRDA:239,58,1,0
BRDA:249,59,0,0
BRDA:249,59,1,0
BRF:117
BRH:0
end_of_record
TN:
SF:src\features\auth\AuthContext.tsx
FN:14,AuthProvider
FN:18,(anonymous_1)
FN:27,(anonymous_2)
FN:35,(anonymous_3)
FN:50,useAuth
FNF:5
FNH:4
FNDA:10,AuthProvider
FNDA:5,(anonymous_1)
FNDA:0,(anonymous_2)
FNDA:1,(anonymous_3)
FNDA:10,useAuth
DA:1,1
DA:12,1
DA:14,1
DA:15,10
DA:16,10
DA:18,10
DA:19,5
DA:20,5
DA:21,5
DA:22,3
DA:23,3
DA:27,10
DA:28,0
DA:29,0
DA:30,0
DA:31,0
DA:32,0
DA:35,10
DA:36,1
DA:37,1
DA:38,1
DA:39,1
DA:40,1
DA:43,10
DA:50,1
DA:51,10
DA:52,10
DA:53,9
LF:28
LH:23
BRDA:21,0,0,3
BRDA:21,1,0,5
BRDA:21,1,1,3
BRDA:52,2,0,1
BRF:4
BRH:4
end_of_record
TN:
SF:src\features\auth\components\AdminRoute.tsx
FN:5,AdminRoute
FNF:1
FNH:0
FNDA:0,AdminRoute
DA:2,0
DA:3,0
DA:5,0
DA:6,0
DA:8,0
DA:9,0
DA:12,0
DA:13,0
DA:16,0
LF:9
LH:0
BRDA:8,0,0,0
BRDA:12,1,0,0
BRDA:12,2,0,0
BRDA:12,2,1,0
BRDA:12,3,0,0
BRDA:12,3,1,0
BRF:6
BRH:0
end_of_record
TN:
SF:src\features\auth\components\ProtectedRoute.tsx
FN:5,ProtectedRoute
FNF:1
FNH:0
FNDA:0,ProtectedRoute
DA:2,0
DA:3,0
DA:5,0
DA:6,0
DA:8,0
DA:9,0
DA:12,0
DA:13,0
DA:16,0
LF:9
LH:0
BRDA:8,0,0,0
BRDA:12,1,0,0
BRDA:12,2,0,0
BRDA:12,2,1,0
BRDA:12,3,0,0
BRDA:12,3,1,0
BRF:6
BRH:0
end_of_record
TN:
SF:src\features\auth\pages\LoginPage.tsx
FN:7,LoginPage
FN:11,(anonymous_9)
FN:23,(anonymous_10)
FN:23,(anonymous_11)
FN:90,(anonymous_12)
FN:93,(anonymous_13)
FN:94,(anonymous_14)
FN:104,(anonymous_15)
FN:107,(anonymous_16)
FN:108,(anonymous_17)
FN:117,(anonymous_18)
FN:118,(anonymous_19)
FNF:12
FNH:0
FNDA:0,LoginPage
FNDA:0,(anonymous_9)
FNDA:0,(anonymous_10)
FNDA:0,(anonymous_11)
FNDA:0,(anonymous_12)
FNDA:0,(anonymous_13)
FNDA:0,(anonymous_14)
FNDA:0,(anonymous_15)
FNDA:0,(anonymous_16)
FNDA:0,(anonymous_17)
FNDA:0,(anonymous_18)
FNDA:0,(anonymous_19)
DA:1,0
DA:2,0
DA:3,0
DA:4,0
DA:5,0
DA:7,0
DA:8,0
DA:9,0
DA:11,0
DA:12,0
DA:13,0
DA:17,0
DA:18,0
DA:19,0
DA:20,0
DA:21,0
DA:23,0
DA:24,0
DA:25,0
DA:26,0
DA:27,0
DA:28,0
DA:29,0
DA:30,0
DA:31,0
DA:32,0
DA:33,0
DA:34,0
DA:36,0
DA:39,0
DA:40,0
DA:42,0
DA:45,0
DA:49,0
DA:90,0
DA:93,0
DA:94,0
DA:104,0
DA:107,0
DA:108,0
DA:117,0
DA:118,0
LF:42
LH:0
BRDA:12,0,0,0
BRDA:31,1,0,0
BRDA:31,1,1,0
BRDA:31,2,0,0
BRDA:31,2,1,0
BRDA:33,3,0,0
BRDA:33,3,1,0
BRDA:36,4,0,0
BRDA:36,4,1,0
BRDA:36,5,0,0
BRDA:36,5,1,0
BRDA:36,6,0,0
BRDA:36,6,1,0
BRDA:36,7,0,0
BRDA:36,7,1,0
BRDA:39,8,0,0
BRDA:39,8,1,0
BRDA:39,9,0,0
BRDA:39,9,1,0
BRDA:39,10,0,0
BRDA:39,10,1,0
BRDA:39,11,0,0
BRDA:39,11,1,0
BRDA:40,12,0,0
BRDA:40,12,1,0
BRDA:40,13,0,0
BRDA:40,13,1,0
BRDA:40,14,0,0
BRDA:40,14,1,0
BRDA:40,15,0,0
BRDA:40,15,1,0
BRDA:80,16,0,0
BRDA:80,16,1,0
BRDA:81,17,0,0
BRDA:81,17,1,0
BRDA:117,18,0,0
BRDA:117,18,1,0
BRDA:120,19,0,0
BRDA:120,19,1,0
BRF:39
BRH:0
end_of_record
TN:
SF:src\features\auth\pages\RegisterPage.tsx
FN:7,RegisterPage
FN:11,(anonymous_10)
FN:21,(anonymous_11)
FN:21,(anonymous_12)
FN:22,(anonymous_13)
FN:23,(anonymous_14)
FN:26,(anonymous_15)
FN:26,(anonymous_16)
FN:32,(anonymous_17)
FN:45,(anonymous_18)
FN:65,(anonymous_19)
FN:106,(anonymous_20)
FN:106,(anonymous_21)
FN:111,(anonymous_22)
FN:111,(anonymous_23)
FN:118,(anonymous_24)
FN:118,(anonymous_25)
FN:124,(anonymous_26)
FN:124,(anonymous_27)
FN:130,(anonymous_28)
FN:130,(anonymous_29)
FN:134,(anonymous_30)
FN:134,(anonymous_31)
FNF:23
FNH:0
FNDA:0,RegisterPage
FNDA:0,(anonymous_10)
FNDA:0,(anonymous_11)
FNDA:0,(anonymous_12)
FNDA:0,(anonymous_13)
FNDA:0,(anonymous_14)
FNDA:0,(anonymous_15)
FNDA:0,(anonymous_16)
FNDA:0,(anonymous_17)
FNDA:0,(anonymous_18)
FNDA:0,(anonymous_19)
FNDA:0,(anonymous_20)
FNDA:0,(anonymous_21)
FNDA:0,(anonymous_22)
FNDA:0,(anonymous_23)
FNDA:0,(anonymous_24)
FNDA:0,(anonymous_25)
FNDA:0,(anonymous_26)
FNDA:0,(anonymous_27)
FNDA:0,(anonymous_28)
FNDA:0,(anonymous_29)
FNDA:0,(anonymous_30)
FNDA:0,(anonymous_31)
DA:1,0
DA:2,0
DA:3,0
DA:4,0
DA:5,0
DA:7,0
DA:8,0
DA:9,0
DA:11,0
DA:12,0
DA:15,0
DA:16,0
DA:17,0
DA:18,0
DA:19,0
DA:21,0
DA:22,0
DA:23,0
DA:26,0
DA:27,0
DA:28,0
DA:29,0
DA:31,0
DA:32,0
DA:33,0
DA:36,0
DA:37,0
DA:38,0
DA:39,0
DA:40,0
DA:41,0
DA:42,0
DA:43,0
DA:44,0
DA:45,0
DA:47,0
DA:50,0
DA:51,0
DA:52,0
DA:53,0
DA:55,0
DA:58,0
DA:61,0
DA:65,0
DA:66,0
DA:68,0
DA:106,0
DA:111,0
DA:118,0
DA:124,0
DA:130,0
DA:134,0
LF:52
LH:0
BRDA:12,0,0,0
BRDA:31,1,0,0
BRDA:42,2,0,0
BRDA:42,2,1,0
BRDA:42,3,0,0
BRDA:42,3,1,0
BRDA:47,4,0,0
BRDA:47,4,1,0
BRDA:47,5,0,0
BRDA:47,5,1,0
BRDA:47,6,0,0
BRDA:47,6,1,0
BRDA:47,7,0,0
BRDA:47,7,1,0
BRDA:50,8,0,0
BRDA:50,8,1,0
BRDA:50,9,0,0
BRDA:50,9,1,0
BRDA:50,10,0,0
BRDA:50,10,1,0
BRDA:50,11,0,0
BRDA:50,11,1,0
BRDA:52,12,0,0
BRDA:52,12,1,0
BRDA:52,13,0,0
BRDA:52,13,1,0
BRDA:52,14,0,0
BRDA:52,14,1,0
BRDA:52,15,0,0
BRDA:52,15,1,0
BRDA:55,16,0,0
BRDA:55,16,1,0
BRDA:55,17,0,0
BRDA:55,17,1,0
BRDA:55,18,0,0
BRDA:55,18,1,0
BRDA:55,19,0,0
BRDA:55,19,1,0
BRDA:66,20,0,0
BRDA:66,20,1,0
BRDA:99,21,0,0
BRDA:99,21,1,0
BRDA:100,22,0,0
BRDA:100,22,1,0
BRDA:106,23,0,0
BRDA:106,23,1,0
BRDA:107,24,0,0
BRDA:107,24,1,0
BRDA:111,25,0,0
BRDA:111,25,1,0
BRDA:112,26,0,0
BRDA:112,26,1,0
BRDA:118,27,0,0
BRDA:118,27,1,0
BRDA:119,28,0,0
BRDA:119,28,1,0
BRDA:124,29,0,0
BRDA:124,29,1,0
BRDA:125,30,0,0
BRDA:125,30,1,0
BRDA:130,31,0,0
BRDA:130,31,1,0
BRDA:131,32,0,0
BRDA:131,32,1,0
BRDA:134,33,0,0
BRDA:134,33,1,0
BRDA:134,34,0,0
BRDA:134,34,1,0
BRF:68
BRH:0
end_of_record
TN:
SF:src\features\dashboard\pages\DashboardPage.tsx
FN:8,DashboardPage
FN:15,(anonymous_1)
FN:19,(anonymous_2)
FN:23,(anonymous_3)
FN:27,(anonymous_4)
FN:31,(anonymous_5)
FN:36,(anonymous_6)
FN:37,(anonymous_7)
FN:38,(anonymous_8)
FN:54,(anonymous_9)
FN:69,(anonymous_10)
FN:88,(anonymous_11)
FN:91,(anonymous_12)
FNF:13
FNH:0
FNDA:0,DashboardPage
FNDA:0,(anonymous_1)
FNDA:0,(anonymous_2)
FNDA:0,(anonymous_3)
FNDA:0,(anonymous_4)
FNDA:0,(anonymous_5)
FNDA:0,(anonymous_6)
FNDA:0,(anonymous_7)
FNDA:0,(anonymous_8)
FNDA:0,(anonymous_9)
FNDA:0,(anonymous_10)
FNDA:0,(anonymous_11)
FNDA:0,(anonymous_12)
DA:1,0
DA:2,0
DA:3,0
DA:4,0
DA:6,0
DA:8,0
DA:9,0
DA:10,0
DA:11,0
DA:12,0
DA:13,0
DA:15,0
DA:16,0
DA:17,0
DA:18,0
DA:20,0
DA:21,0
DA:24,0
DA:25,0
DA:28,0
DA:31,0
DA:32,0
DA:36,0
DA:37,0
DA:38,0
DA:39,0
DA:46,0
DA:54,0
DA:70,0
DA:89,0
DA:91,0
LF:31
LH:0
BRDA:20,0,0,0
BRDA:21,1,0,0
BRDA:21,1,1,0
BRDA:21,2,0,0
BRDA:21,2,1,0
BRDA:24,3,0,0
BRDA:25,4,0,0
BRDA:25,4,1,0
BRDA:25,5,0,0
BRDA:25,5,1,0
BRDA:25,6,0,0
BRDA:25,6,1,0
BRDA:25,7,0,0
BRDA:25,7,1,0
BRDA:25,8,0,0
BRDA:25,8,1,0
BRDA:25,9,0,0
BRDA:25,9,1,0
BRDA:25,10,0,0
BRDA:25,10,1,0
BRDA:25,11,0,0
BRDA:25,11,1,0
BRDA:25,12,0,0
BRDA:25,12,1,0
BRDA:25,13,0,0
BRDA:25,13,1,0
BRDA:28,14,0,0
BRDA:50,15,0,0
BRDA:50,15,1,0
BRDA:50,16,0,0
BRDA:50,16,1,0
BRDA:62,17,0,0
BRDA:62,17,1,0
BRDA:80,18,0,0
BRDA:80,18,1,0
BRDA:82,19,0,0
BRDA:82,19,1,0
BRDA:98,20,0,0
BRDA:98,20,1,0
BRDA:101,21,0,0
BRDA:101,21,1,0
BRF:41
BRH:0
end_of_record
TN:
SF:src\features\groups\components\AddExpenseModal.tsx
FN:18,AddExpenseModal
FN:24,(anonymous_1)
FN:40,(anonymous_2)
FN:47,(anonymous_3)
FN:66,(anonymous_4)
FN:78,(anonymous_5)
FN:91,(anonymous_6)
FN:103,(anonymous_7)
FNF:8
FNH:0
FNDA:0,AddExpenseModal
FNDA:0,(anonymous_1)
FNDA:0,(anonymous_2)
FNDA:0,(anonymous_3)
FNDA:0,(anonymous_4)
FNDA:0,(anonymous_5)
FNDA:0,(anonymous_6)
FNDA:0,(anonymous_7)
DA:1,0
DA:18,0
DA:19,0
DA:20,0
DA:21,0
DA:22,0
DA:24,0
DA:25,0
DA:26,0
DA:27,0
DA:28,0
DA:29,0
DA:30,0
DA:31,0
DA:32,0
DA:33,0
DA:34,0
DA:38,0
DA:40,0
DA:41,0
DA:42,0
DA:45,0
DA:47,0
DA:66,0
DA:78,0
DA:91,0
DA:103,0
LF:27
LH:0
BRDA:18,0,0,0
BRDA:18,1,0,0
BRDA:18,2,0,0
BRDA:25,3,0,0
BRDA:25,3,1,0
BRDA:30,4,0,0
BRDA:38,5,0,0
BRDA:50,6,0,0
BRDA:50,6,1,0
BRDA:58,7,0,0
BRDA:58,7,1,0
BRDA:103,8,0,0
BRDA:103,8,1,0
BRDA:103,9,0,0
BRDA:103,9,1,0
BRDA:103,10,0,0
BRDA:103,10,1,0
BRDA:103,11,0,0
BRDA:103,11,1,0
BRDA:107,12,0,0
BRDA:107,12,1,0
BRDA:109,13,0,0
BRDA:109,13,1,0
BRDA:109,14,0,0
BRDA:109,14,1,0
BRDA:109,15,0,0
BRDA:109,15,1,0
BRDA:124,16,0,0
BRDA:124,16,1,0
BRDA:124,17,0,0
BRDA:124,17,1,0
BRF:31
BRH:0
end_of_record
TN:
SF:src\features\groups\components\CreateGroupModal.tsx
FN:13,CreateGroupModal
FN:17,(anonymous_1)
FN:26,(anonymous_2)
FN:31,(anonymous_3)
FN:32,(anonymous_4)
FN:33,(anonymous_5)
FN:39,(anonymous_6)
FN:58,(anonymous_7)
FN:71,(anonymous_8)
FN:76,(anonymous_9)
FNF:10
FNH:0
FNDA:0,CreateGroupModal
FNDA:0,(anonymous_1)
FNDA:0,(anonymous_2)
FNDA:0,(anonymous_3)
FNDA:0,(anonymous_4)
FNDA:0,(anonymous_5)
FNDA:0,(anonymous_6)
FNDA:0,(anonymous_7)
FNDA:0,(anonymous_8)
FNDA:0,(anonymous_9)
DA:1,0
DA:13,0
DA:14,0
DA:15,0
DA:17,0
DA:18,0
DA:19,0
DA:20,0
DA:24,0
DA:26,0
DA:27,0
DA:28,0
DA:31,0
DA:32,0
DA:33,0
DA:37,0
DA:39,0
DA:58,0
DA:72,0
DA:76,0
LF:20
LH:0
BRDA:13,0,0,0
BRDA:13,1,0,0
BRDA:18,2,0,0
BRDA:24,3,0,0
BRDA:33,4,0,0
BRDA:33,4,1,0
BRDA:50,5,0,0
BRDA:50,5,1,0
BRDA:67,6,0,0
BRDA:67,6,1,0
BRDA:99,7,0,0
BRDA:99,7,1,0
BRF:12
BRH:0
end_of_record
TN:
SF:src\features\groups\components\EditGroupModal.tsx
FN:20,EditGroupModal
FN:33,(anonymous_1)
FN:44,(anonymous_2)
FN:49,(anonymous_3)
FN:50,(anonymous_4)
FN:51,(anonymous_5)
FN:57,(anonymous_6)
FN:76,(anonymous_7)
FN:89,(anonymous_8)
FN:106,(anonymous_9)
FN:111,(anonymous_10)
FNF:11
FNH:0
FNDA:0,EditGroupModal
FNDA:0,(anonymous_1)
FNDA:0,(anonymous_2)
FNDA:0,(anonymous_3)
FNDA:0,(anonymous_4)
FNDA:0,(anonymous_5)
FNDA:0,(anonymous_6)
FNDA:0,(anonymous_7)
FNDA:0,(anonymous_8)
FNDA:0,(anonymous_9)
FNDA:0,(anonymous_10)
DA:1,0
DA:20,0
DA:30,0
DA:31,0
DA:33,0
DA:34,0
DA:35,0
DA:36,0
DA:38,0
DA:42,0
DA:44,0
DA:45,0
DA:46,0
DA:49,0
DA:50,0
DA:51,0
DA:55,0
DA:57,0
DA:76,0
DA:90,0
DA:107,0
DA:111,0
LF:22
LH:0
BRDA:22,0,0,0
BRDA:23,1,0,0
BRDA:34,2,0,0
BRDA:34,2,1,0
BRDA:42,3,0,0
BRDA:51,4,0,0
BRDA:51,4,1,0
BRDA:68,5,0,0
BRDA:68,5,1,0
BRDA:85,6,0,0
BRDA:85,6,1,0
BRDA:90,7,0,0
BRDA:90,7,1,0
BRDA:102,8,0,0
BRDA:102,8,1,0
BRDA:134,9,0,0
BRDA:134,9,1,0
BRF:17
BRH:0
end_of_record
TN:
SF:src\features\groups\pages\GroupDetailsPage.tsx
FN:12,GroupDetailsPage
FN:30,(anonymous_9)
FN:35,(anonymous_10)
FN:36,(anonymous_11)
FN:37,(anonymous_12)
FN:40,(anonymous_13)
FN:41,(anonymous_14)
FN:54,(anonymous_15)
FN:54,(anonymous_16)
FN:70,(anonymous_17)
FN:70,(anonymous_18)
FN:98,(anonymous_19)
FN:100,(anonymous_20)
FN:102,(anonymous_21)
FN:102,(anonymous_22)
FN:132,(anonymous_23)
FN:138,(anonymous_24)
FN:153,(anonymous_25)
FN:181,(anonymous_26)
FN:203,(anonymous_27)
FN:206,(anonymous_28)
FN:228,(anonymous_29)
FN:237,(anonymous_30)
FN:242,(anonymous_31)
FNF:24
FNH:0
FNDA:0,GroupDetailsPage
FNDA:0,(anonymous_9)
FNDA:0,(anonymous_10)
FNDA:0,(anonymous_11)
FNDA:0,(anonymous_12)
FNDA:0,(anonymous_13)
FNDA:0,(anonymous_14)
FNDA:0,(anonymous_15)
FNDA:0,(anonymous_16)
FNDA:0,(anonymous_17)
FNDA:0,(anonymous_18)
FNDA:0,(anonymous_19)
FNDA:0,(anonymous_20)
FNDA:0,(anonymous_21)
FNDA:0,(anonymous_22)
FNDA:0,(anonymous_23)
FNDA:0,(anonymous_24)
FNDA:0,(anonymous_25)
FNDA:0,(anonymous_26)
FNDA:0,(anonymous_27)
FNDA:0,(anonymous_28)
FNDA:0,(anonymous_29)
FNDA:0,(anonymous_30)
FNDA:0,(anonymous_31)
DA:1,0
DA:2,0
DA:3,0
DA:4,0
DA:5,0
DA:6,0
DA:7,0
DA:10,0
DA:12,0
DA:13,0
DA:14,0
DA:15,0
DA:16,0
DA:17,0
DA:18,0
DA:19,0
DA:20,0
DA:21,0
DA:22,0
DA:23,0
DA:24,0
DA:25,0
DA:26,0
DA:27,0
DA:28,0
DA:30,0
DA:31,0
DA:32,0
DA:33,0
DA:34,0
DA:35,0
DA:36,0
DA:37,0
DA:39,0
DA:40,0
DA:46,0
DA:47,0
DA:50,0
DA:51,0
DA:54,0
DA:55,0
DA:56,0
DA:57,0
DA:58,0
DA:59,0
DA:60,0
DA:61,0
DA:62,0
DA:64,0
DA:66,0
DA:70,0
DA:71,0
DA:72,0
DA:73,0
DA:74,0
DA:75,0
DA:76,0
DA:77,0
DA:79,0
DA:81,0
DA:85,0
DA:86,0
DA:89,0
DA:90,0
DA:93,0
DA:94,0
DA:97,0
DA:98,0
DA:100,0
DA:102,0
DA:103,0
DA:104,0
DA:105,0
DA:106,0
DA:107,0
DA:108,0
DA:109,0
DA:111,0
DA:113,0
DA:117,0
DA:132,0
DA:138,0
DA:154,0
DA:181,0
DA:204,0
DA:206,0
DA:228,0
DA:237,0
DA:242,0
LF:89
LH:0
BRDA:31,0,0,0
BRDA:35,1,0,0
BRDA:35,1,1,0
BRDA:35,2,0,0
BRDA:35,2,1,0
BRDA:36,3,0,0
BRDA:36,3,1,0
BRDA:36,4,0,0
BRDA:36,4,1,0
BRDA:36,5,0,0
BRDA:36,5,1,0
BRDA:36,6,0,0
BRDA:36,6,1,0
BRDA:36,7,0,0
BRDA:36,7,1,0
BRDA:36,8,0,0
BRDA:36,8,1,0
BRDA:36,9,0,0
BRDA:36,9,1,0
BRDA:36,10,0,0
BRDA:36,10,1,0
BRDA:36,11,0,0
BRDA:36,11,1,0
BRDA:36,12,0,0
BRDA:36,12,1,0
BRDA:40,13,0,0
BRDA:40,13,1,0
BRDA:40,14,0,0
BRDA:40,14,1,0
BRDA:46,15,0,0
BRDA:50,16,0,0
BRDA:50,17,0,0
BRDA:50,17,1,0
BRDA:50,17,2,0
BRDA:60,18,0,0
BRDA:60,18,1,0
BRDA:60,19,0,0
BRDA:60,19,1,0
BRDA:64,20,0,0
BRDA:64,20,1,0
BRDA:64,21,0,0
BRDA:64,21,1,0
BRDA:64,22,0,0
BRDA:64,22,1,0
BRDA:64,23,0,0
BRDA:64,23,1,0
BRDA:64,24,0,0
BRDA:64,24,1,0
BRDA:64,25,0,0
BRDA:64,25,1,0
BRDA:64,26,0,0
BRDA:64,26,1,0
BRDA:64,27,0,0
BRDA:64,27,1,0
BRDA:64,28,0,0
BRDA:64,28,1,0
BRDA:64,29,0,0
BRDA:64,29,1,0
BRDA:75,30,0,0
BRDA:75,30,1,0
BRDA:75,31,0,0
BRDA:75,31,1,0
BRDA:79,32,0,0
BRDA:79,32,1,0
BRDA:79,33,0,0
BRDA:79,33,1,0
BRDA:79,34,0,0
BRDA:79,34,1,0
BRDA:79,35,0,0
BRDA:79,35,1,0
BRDA:79,36,0,0
BRDA:79,36,1,0
BRDA:79,37,0,0
BRDA:79,37,1,0
BRDA:79,38,0,0
BRDA:79,38,1,0
BRDA:79,39,0,0
BRDA:79,39,1,0
BRDA:79,40,0,0
BRDA:79,40,1,0
BRDA:79,41,0,0
BRDA:79,41,1,0
BRDA:85,42,0,0
BRDA:89,43,0,0
BRDA:93,44,0,0
BRDA:97,45,0,0
BRDA:97,45,1,0
BRDA:97,46,0,0
BRDA:97,46,1,0
BRDA:97,47,0,0
BRDA:97,47,1,0
BRDA:97,48,0,0
BRDA:97,48,1,0
BRDA:97,49,0,0
BRDA:97,49,1,0
BRDA:97,50,0,0
BRDA:97,50,1,0
BRDA:100,51,0,0
BRDA:100,51,1,0
BRDA:108,52,0,0
BRDA:108,52,1,0
BRDA:108,53,0,0
BRDA:108,53,1,0
BRDA:111,54,0,0
BRDA:111,54,1,0
BRDA:111,55,0,0
BRDA:111,55,1,0
BRDA:111,56,0,0
BRDA:111,56,1,0
BRDA:111,57,0,0
BRDA:111,57,1,0
BRDA:111,58,0,0
BRDA:111,58,1,0
BRDA:111,59,0,0
BRDA:111,59,1,0
BRDA:111,60,0,0
BRDA:111,60,1,0
BRDA:111,61,0,0
BRDA:111,61,1,0
BRDA:111,62,0,0
BRDA:111,62,1,0
BRDA:111,63,0,0
BRDA:111,63,1,0
BRDA:147,64,0,0
BRDA:147,64,1,0
BRDA:148,65,0,0
BRDA:148,65,1,0
BRDA:162,66,0,0
BRDA:162,66,1,0
BRDA:168,67,0,0
BRDA:168,67,1,0
BRDA:169,68,0,0
BRDA:169,68,1,0
BRDA:171,69,0,0
BRDA:171,69,1,0
BRDA:177,70,0,0
BRDA:177,70,1,0
BRDA:182,71,0,0
BRDA:182,71,1,0
BRDA:182,71,2,0
BRDA:182,71,3,0
BRDA:186,72,0,0
BRDA:186,72,1,0
BRDA:188,73,0,0
BRDA:188,73,1,0
BRDA:188,74,0,0
BRDA:188,74,1,0
BRDA:190,75,0,0
BRDA:190,75,1,0
BRDA:215,76,0,0
BRDA:215,76,1,0
BRDA:239,77,0,0
BRDA:239,77,1,0
BRDA:239,78,0,0
BRDA:239,78,1,0
BRDA:239,79,0,0
BRDA:239,79,1,0
BRDA:239,80,0,0
BRDA:239,80,1,0
BRF:159
BRH:0
end_of_record
TN:
SF:src\features\groups\pages\GroupsPage.tsx
FN:10,GroupsPage
FN:25,(anonymous_9)
FN:30,(anonymous_10)
FN:30,(anonymous_11)
FN:35,(anonymous_12)
FN:39,(anonymous_13)
FN:40,(anonymous_14)
FN:41,(anonymous_15)
FN:44,(anonymous_16)
FN:46,(anonymous_17)
FN:51,(anonymous_18)
FN:64,(anonymous_19)
FN:66,(anonymous_20)
FN:67,(anonymous_21)
FN:68,(anonymous_22)
FN:71,(anonymous_23)
FN:74,(anonymous_24)
FN:77,(anonymous_25)
FN:80,(anonymous_26)
FN:80,(anonymous_27)
FN:99,(anonymous_28)
FN:99,(anonymous_29)
FN:118,(anonymous_30)
FN:118,(anonymous_31)
FN:141,(anonymous_32)
FN:158,(anonymous_33)
FN:159,(anonymous_34)
FN:164,(anonymous_35)
FN:178,(anonymous_36)
FN:196,(anonymous_37)
FN:216,(anonymous_38)
FN:228,(anonymous_39)
FN:231,(anonymous_40)
FN:257,(anonymous_41)
FNF:34
FNH:0
FNDA:0,GroupsPage
FNDA:0,(anonymous_9)
FNDA:0,(anonymous_10)
FNDA:0,(anonymous_11)
FNDA:0,(anonymous_12)
FNDA:0,(anonymous_13)
FNDA:0,(anonymous_14)
FNDA:0,(anonymous_15)
FNDA:0,(anonymous_16)
FNDA:0,(anonymous_17)
FNDA:0,(anonymous_18)
FNDA:0,(anonymous_19)
FNDA:0,(anonymous_20)
FNDA:0,(anonymous_21)
FNDA:0,(anonymous_22)
FNDA:0,(anonymous_23)
FNDA:0,(anonymous_24)
FNDA:0,(anonymous_25)
FNDA:0,(anonymous_26)
FNDA:0,(anonymous_27)
FNDA:0,(anonymous_28)
FNDA:0,(anonymous_29)
FNDA:0,(anonymous_30)
FNDA:0,(anonymous_31)
FNDA:0,(anonymous_32)
FNDA:0,(anonymous_33)
FNDA:0,(anonymous_34)
FNDA:0,(anonymous_35)
FNDA:0,(anonymous_36)
FNDA:0,(anonymous_37)
FNDA:0,(anonymous_38)
FNDA:0,(anonymous_39)
FNDA:0,(anonymous_40)
FNDA:0,(anonymous_41)
DA:1,0
DA:2,0
DA:3,0
DA:4,0
DA:5,0
DA:8,0
DA:10,0
DA:11,0
DA:12,0
DA:13,0
DA:14,0
DA:15,0
DA:16,0
DA:17,0
DA:18,0
DA:19,0
DA:20,0
DA:21,0
DA:22,0
DA:23,0
DA:25,0
DA:26,0
DA:27,0
DA:30,0
DA:31,0
DA:32,0
DA:35,0
DA:36,0
DA:37,0
DA:38,0
DA:39,0
DA:40,0
DA:41,0
DA:44,0
DA:45,0
DA:46,0
DA:47,0
DA:51,0
DA:52,0
DA:54,0
DA:55,0
DA:56,0
DA:57,0
DA:58,0
DA:61,0
DA:62,0
DA:64,0
DA:65,0
DA:66,0
DA:67,0
DA:68,0
DA:71,0
DA:74,0
DA:75,0
DA:76,0
DA:77,0
DA:80,0
DA:81,0
DA:82,0
DA:83,0
DA:84,0
DA:85,0
DA:86,0
DA:87,0
DA:88,0
DA:89,0
DA:90,0
DA:93,0
DA:95,0
DA:99,0
DA:100,0
DA:102,0
DA:103,0
DA:104,0
DA:107,0
DA:108,0
DA:109,0
DA:110,0
DA:112,0
DA:114,0
DA:118,0
DA:119,0
DA:120,0
DA:121,0
DA:122,0
DA:124,0
DA:127,0
DA:129,0
DA:133,0
DA:141,0
DA:158,0
DA:159,0
DA:164,0
DA:179,0
DA:196,0
DA:216,0
DA:229,0
DA:231,0
DA:257,0
LF:99
LH:0
BRDA:26,0,0,0
BRDA:26,0,1,0
BRDA:26,1,0,0
BRDA:26,1,1,0
BRDA:26,2,0,0
BRDA:26,2,1,0
BRDA:26,3,0,0
BRDA:26,3,1,0
BRDA:26,4,0,0
BRDA:26,4,1,0
BRDA:26,5,0,0
BRDA:26,5,1,0
BRDA:26,6,0,0
BRDA:26,6,1,0
BRDA:26,7,0,0
BRDA:26,7,1,0
BRDA:27,8,0,0
BRDA:27,8,1,0
BRDA:27,9,0,0
BRDA:27,9,1,0
BRDA:32,10,0,0
BRDA:32,10,1,0
BRDA:32,11,0,0
BRDA:32,11,1,0
BRDA:39,12,0,0
BRDA:39,12,1,0
BRDA:39,13,0,0
BRDA:39,13,1,0
BRDA:40,14,0,0
BRDA:40,14,1,0
BRDA:40,15,0,0
BRDA:40,15,1,0
BRDA:40,16,0,0
BRDA:40,16,1,0
BRDA:40,17,0,0
BRDA:40,17,1,0
BRDA:40,18,0,0
BRDA:40,18,1,0
BRDA:40,19,0,0
BRDA:40,19,1,0
BRDA:40,20,0,0
BRDA:40,20,1,0
BRDA:40,21,0,0
BRDA:40,21,1,0
BRDA:40,22,0,0
BRDA:40,22,1,0
BRDA:40,23,0,0
BRDA:40,23,1,0
BRDA:54,24,0,0
BRDA:66,25,0,0
BRDA:66,25,1,0
BRDA:66,26,0,0
BRDA:66,26,1,0
BRDA:76,27,0,0
BRDA:77,28,0,0
BRDA:77,28,1,0
BRDA:89,29,0,0
BRDA:89,30,0,0
BRDA:89,30,1,0
BRDA:89,31,0,0
BRDA:89,31,1,0
BRDA:93,32,0,0
BRDA:93,32,1,0
BRDA:93,33,0,0
BRDA:93,33,1,0
BRDA:93,34,0,0
BRDA:93,34,1,0
BRDA:93,35,0,0
BRDA:93,35,1,0
BRDA:93,36,0,0
BRDA:93,36,1,0
BRDA:93,37,0,0
BRDA:93,37,1,0
BRDA:93,38,0,0
BRDA:93,38,1,0
BRDA:93,39,0,0
BRDA:93,39,1,0
BRDA:93,40,0,0
BRDA:93,40,1,0
BRDA:93,41,0,0
BRDA:93,41,1,0
BRDA:99,42,0,0
BRDA:102,43,0,0
BRDA:110,44,0,0
BRDA:110,44,1,0
BRDA:110,45,0,0
BRDA:110,45,1,0
BRDA:121,46,0,0
BRDA:121,46,1,0
BRDA:149,47,0,0
BRDA:149,47,1,0
BRDA:150,48,0,0
BRDA:150,48,1,0
BRDA:159,49,0,0
BRDA:159,49,1,0
BRDA:173,50,0,0
BRDA:173,50,1,0
BRDA:175,51,0,0
BRDA:175,51,1,0
BRDA:183,52,0,0
BRDA:183,52,1,0
BRDA:185,53,0,0
BRDA:185,53,1,0
BRDA:187,54,0,0
BRDA:187,54,1,0
BRDA:189,55,0,0
BRDA:189,55,1,0
BRDA:199,56,0,0
BRDA:199,56,1,0
BRDA:200,57,0,0
BRDA:200,57,1,0
BRDA:203,58,0,0
BRDA:203,58,1,0
BRDA:222,59,0,0
BRDA:222,59,1,0
BRDA:226,60,0,0
BRDA:226,60,1,0
BRDA:243,61,0,0
BRDA:243,61,1,0
BRDA:244,62,0,0
BRDA:244,62,1,0
BRF:121
BRH:0
end_of_record
TN:
SF:src\features\groups\services\groupService.ts
FN:5,buildExpenseFormData
FN:16,(anonymous_3)
FN:17,(anonymous_4)
FN:18,(anonymous_5)
FN:19,(anonymous_6)
FN:20,(anonymous_7)
FN:22,(anonymous_8)
FN:24,(anonymous_9)
FN:26,(anonymous_10)
FN:31,(anonymous_11)
FN:32,(anonymous_12)
FN:34,(anonymous_13)
FNF:12
FNH:0
FNDA:0,buildExpenseFormData
FNDA:0,(anonymous_3)
FNDA:0,(anonymous_4)
FNDA:0,(anonymous_5)
FNDA:0,(anonymous_6)
FNDA:0,(anonymous_7)
FNDA:0,(anonymous_8)
FNDA:0,(anonymous_9)
FNDA:0,(anonymous_10)
FNDA:0,(anonymous_11)
FNDA:0,(anonymous_12)
FNDA:0,(anonymous_13)
DA:1,0
DA:6,0
DA:7,0
DA:8,0
DA:9,0
DA:10,0
DA:12,0
DA:15,0
DA:16,0
DA:17,0
DA:18,0
DA:19,0
DA:21,0
DA:23,0
DA:25,0
DA:27,0
DA:30,0
DA:31,0
DA:33,0
DA:34,0
LF:20
LH:0
BRDA:9,0,0,0
BRF:1
BRH:0
end_of_record
TN:
SF:src\features\layout\components\UserLayout.tsx
FN:13,UserLayout
FN:19,(anonymous_1)
FN:20,(anonymous_2)
FN:24,(anonymous_3)
FN:25,(anonymous_4)
FN:29,(anonymous_5)
FN:47,(anonymous_6)
FN:66,(anonymous_7)
FN:69,(anonymous_8)
FN:73,(anonymous_9)
FN:83,(anonymous_10)
FN:84,(anonymous_11)
FN:88,(anonymous_12)
FN:95,(anonymous_13)
FN:96,(anonymous_14)
FNF:15
FNH:0
FNDA:0,UserLayout
FNDA:0,(anonymous_1)
FNDA:0,(anonymous_2)
FNDA:0,(anonymous_3)
FNDA:0,(anonymous_4)
FNDA:0,(anonymous_5)
FNDA:0,(anonymous_6)
FNDA:0,(anonymous_7)
FNDA:0,(anonymous_8)
FNDA:0,(anonymous_9)
FNDA:0,(anonymous_10)
FNDA:0,(anonymous_11)
FNDA:0,(anonymous_12)
FNDA:0,(anonymous_13)
FNDA:0,(anonymous_14)
DA:1,0
DA:2,0
DA:3,0
DA:5,0
DA:13,0
DA:14,0
DA:15,0
DA:16,0
DA:17,0
DA:19,0
DA:20,0
DA:21,0
DA:24,0
DA:25,0
DA:26,0
DA:29,0
DA:30,0
DA:31,0
DA:34,0
DA:48,0
DA:49,0
DA:66,0
DA:70,0
DA:71,0
DA:74,0
DA:75,0
DA:83,0
DA:84,0
DA:88,0
DA:95,0
DA:96,0
LF:31
LH:0
BRDA:21,0,0,0
BRDA:21,0,1,0
BRDA:21,1,0,0
BRDA:21,1,1,0
BRDA:21,2,0,0
BRDA:21,2,1,0
BRDA:21,3,0,0
BRDA:21,3,1,0
BRDA:26,4,0,0
BRDA:26,4,1,0
BRDA:26,5,0,0
BRDA:26,5,1,0
BRDA:26,6,0,0
BRDA:26,6,1,0
BRDA:26,7,0,0
BRDA:26,7,1,0
BRDA:55,8,0,0
BRDA:55,8,1,0
BRDA:56,9,0,0
BRDA:56,9,1,0
BRDA:82,10,0,0
BRDA:82,10,1,0
BRF:22
BRH:0
end_of_record
TN:
SF:src\features\profile\pages\ProfilePage.tsx
FN:7,ProfilePage
FN:26,(anonymous_8)
FN:32,(anonymous_9)
FN:32,(anonymous_10)
FN:41,(anonymous_11)
FN:41,(anonymous_12)
FN:46,(anonymous_13)
FN:46,(anonymous_14)
FN:51,(anonymous_15)
FN:55,(anonymous_16)
FN:55,(anonymous_17)
FN:63,(anonymous_18)
FN:71,(anonymous_19)
FN:90,(anonymous_20)
FN:90,(anonymous_21)
FN:103,(anonymous_22)
FN:103,(anonymous_23)
FN:116,(anonymous_24)
FN:122,(anonymous_25)
FN:128,(anonymous_26)
FN:128,(anonymous_27)
FN:163,(anonymous_28)
FN:194,(anonymous_29)
FN:198,(anonymous_30)
FN:202,(anonymous_31)
FN:206,(anonymous_32)
FN:210,(anonymous_33)
FN:223,(anonymous_34)
FN:246,(anonymous_35)
FN:255,(anonymous_36)
FNF:30
FNH:0
FNDA:0,ProfilePage
FNDA:0,(anonymous_8)
FNDA:0,(anonymous_9)
FNDA:0,(anonymous_10)
FNDA:0,(anonymous_11)
FNDA:0,(anonymous_12)
FNDA:0,(anonymous_13)
FNDA:0,(anonymous_14)
FNDA:0,(anonymous_15)
FNDA:0,(anonymous_16)
FNDA:0,(anonymous_17)
FNDA:0,(anonymous_18)
FNDA:0,(anonymous_19)
FNDA:0,(anonymous_20)
FNDA:0,(anonymous_21)
FNDA:0,(anonymous_22)
FNDA:0,(anonymous_23)
FNDA:0,(anonymous_24)
FNDA:0,(anonymous_25)
FNDA:0,(anonymous_26)
FNDA:0,(anonymous_27)
FNDA:0,(anonymous_28)
FNDA:0,(anonymous_29)
FNDA:0,(anonymous_30)
FNDA:0,(anonymous_31)
FNDA:0,(anonymous_32)
FNDA:0,(anonymous_33)
FNDA:0,(anonymous_34)
FNDA:0,(anonymous_35)
FNDA:0,(anonymous_36)
DA:1,0
DA:2,0
DA:3,0
DA:4,0
DA:7,0
DA:8,0
DA:9,0
DA:10,0
DA:11,0
DA:12,0
DA:13,0
DA:14,0
DA:15,0
DA:16,0
DA:17,0
DA:18,0
DA:19,0
DA:20,0
DA:21,0
DA:22,0
DA:23,0
DA:24,0
DA:26,0
DA:27,0
DA:28,0
DA:29,0
DA:32,0
DA:33,0
DA:34,0
DA:35,0
DA:37,0
DA:41,0
DA:42,0
DA:43,0
DA:46,0
DA:47,0
DA:48,0
DA:51,0
DA:52,0
DA:55,0
DA:56,0
DA:57,0
DA:58,0
DA:59,0
DA:60,0
DA:61,0
DA:62,0
DA:63,0
DA:66,0
DA:67,0
DA:71,0
DA:72,0
DA:73,0
DA:74,0
DA:76,0
DA:77,0
DA:78,0
DA:80,0
DA:81,0
DA:82,0
DA:85,0
DA:86,0
DA:87,0
DA:90,0
DA:91,0
DA:92,0
DA:93,0
DA:94,0
DA:95,0
DA:97,0
DA:99,0
DA:103,0
DA:104,0
DA:105,0
DA:106,0
DA:107,0
DA:108,0
DA:110,0
DA:112,0
DA:116,0
DA:117,0
DA:118,0
DA:119,0
DA:122,0
DA:123,0
DA:124,0
DA:125,0
DA:128,0
DA:129,0
DA:130,0
DA:131,0
DA:132,0
DA:133,0
DA:135,0
DA:138,0
DA:140,0
DA:142,0
DA:146,0
DA:163,0
DA:194,0
DA:198,0
DA:202,0
DA:206,0
DA:210,0
DA:223,0
DA:247,0
DA:255,0
LF:107
LH:0
BRDA:27,0,0,0
BRDA:27,0,1,0
BRDA:27,1,0,0
BRDA:27,1,1,0
BRDA:27,2,0,0
BRDA:27,2,1,0
BRDA:27,3,0,0
BRDA:27,3,1,0
BRDA:28,4,0,0
BRDA:28,4,1,0
BRDA:28,5,0,0
BRDA:28,5,1,0
BRDA:28,6,0,0
BRDA:28,6,1,0
BRDA:28,7,0,0
BRDA:28,7,1,0
BRDA:29,8,0,0
BRDA:29,8,1,0
BRDA:29,9,0,0
BRDA:29,9,1,0
BRDA:29,10,0,0
BRDA:29,10,1,0
BRDA:29,11,0,0
BRDA:29,11,1,0
BRDA:43,12,0,0
BRDA:43,12,1,0
BRDA:43,13,0,0
BRDA:43,13,1,0
BRDA:48,14,0,0
BRDA:48,14,1,0
BRDA:48,15,0,0
BRDA:48,15,1,0
BRDA:58,16,0,0
BRDA:58,17,0,0
BRDA:58,17,1,0
BRDA:58,17,2,0
BRDA:60,18,0,0
BRDA:60,18,1,0
BRDA:72,19,0,0
BRDA:72,20,0,0
BRDA:72,20,1,0
BRDA:76,21,0,0
BRDA:80,22,0,0
BRDA:123,23,0,0
BRDA:124,24,0,0
BRDA:132,25,0,0
BRDA:132,25,1,0
BRDA:156,26,0,0
BRDA:156,26,1,0
BRDA:156,27,0,0
BRDA:156,27,1,0
BRDA:156,28,0,0
BRDA:156,28,1,0
BRDA:156,29,0,0
BRDA:156,29,1,0
BRDA:156,30,0,0
BRDA:156,30,1,0
BRDA:156,31,0,0
BRDA:156,31,1,0
BRDA:156,32,0,0
BRDA:156,32,1,0
BRDA:156,33,0,0
BRDA:156,33,1,0
BRDA:156,34,0,0
BRDA:156,34,1,0
BRDA:156,35,0,0
BRDA:156,35,1,0
BRDA:156,36,0,0
BRDA:156,36,1,0
BRDA:156,37,0,0
BRDA:156,37,1,0
BRDA:158,38,0,0
BRDA:158,38,1,0
BRDA:158,39,0,0
BRDA:158,39,1,0
BRDA:158,40,0,0
BRDA:158,40,1,0
BRDA:158,41,0,0
BRDA:158,41,1,0
BRDA:159,42,0,0
BRDA:159,42,1,0
BRDA:159,43,0,0
BRDA:159,43,1,0
BRDA:166,44,0,0
BRDA:166,44,1,0
BRDA:166,45,0,0
BRDA:166,45,1,0
BRDA:166,46,0,0
BRDA:166,46,1,0
BRDA:166,47,0,0
BRDA:166,47,1,0
BRDA:174,48,0,0
BRDA:174,48,1,0
BRDA:174,49,0,0
BRDA:174,49,1,0
BRDA:174,50,0,0
BRDA:174,50,1,0
BRDA:174,51,0,0
BRDA:174,51,1,0
BRDA:182,52,0,0
BRDA:182,52,1,0
BRDA:182,53,0,0
BRDA:182,53,1,0
BRDA:182,54,0,0
BRDA:182,54,1,0
BRDA:182,55,0,0
BRDA:182,55,1,0
BRDA:213,56,0,0
BRDA:213,56,1,0
BRDA:214,57,0,0
BRDA:214,57,1,0
BRDA:221,58,0,0
BRDA:221,58,1,0
BRDA:221,58,2,0
BRDA:225,59,0,0
BRDA:225,59,1,0
BRDA:235,60,0,0
BRDA:235,60,1,0
BRDA:239,61,0,0
BRDA:239,61,1,0
BRDA:243,62,0,0
BRDA:243,62,1,0
BRDA:243,63,0,0
BRDA:243,63,1,0
BRDA:246,64,0,0
BRDA:246,64,1,0
BRDA:257,65,0,0
BRDA:257,65,1,0
BRDA:259,66,0,0
BRDA:259,66,1,0
BRF:130
BRH:0
end_of_record
TN:
SF:src\features\profile\services\userService.ts
FN:6,(anonymous_1)
FN:7,(anonymous_2)
FN:8,(anonymous_3)
FN:9,(anonymous_4)
FN:10,(anonymous_5)
FN:11,(anonymous_6)
FN:12,(anonymous_7)
FN:14,(anonymous_8)
FN:15,(anonymous_9)
FNF:9
FNH:0
FNDA:0,(anonymous_1)
FNDA:0,(anonymous_2)
FNDA:0,(anonymous_3)
FNDA:0,(anonymous_4)
FNDA:0,(anonymous_5)
FNDA:0,(anonymous_6)
FNDA:0,(anonymous_7)
FNDA:0,(anonymous_8)
FNDA:0,(anonymous_9)
DA:1,0
DA:5,0
DA:6,0
DA:7,0
DA:8,0
DA:9,0
DA:10,0
DA:11,0
DA:13,0
DA:14,0
DA:15,0
LF:11
LH:0
BRF:0
BRH:0
end_of_record
TN:
SF:src\features\settings\pages\SettingsPage.tsx
FN:3,SettingsPage
FN:9,(anonymous_1)
FN:27,(anonymous_2)
FN:32,(anonymous_3)
FN:52,(anonymous_4)
FN:61,(anonymous_5)
FN:61,(anonymous_6)
FNF:7
FNH:0
FNDA:0,SettingsPage
FNDA:0,(anonymous_1)
FNDA:0,(anonymous_2)
FNDA:0,(anonymous_3)
FNDA:0,(anonymous_4)
FNDA:0,(anonymous_5)
FNDA:0,(anonymous_6)
DA:1,0
DA:3,0
DA:4,0
DA:5,0
DA:6,0
DA:7,0
DA:9,0
DA:10,0
DA:13,0
DA:28,0
DA:29,0
DA:32,0
DA:52,0
DA:61,0
LF:14
LH:0
BRDA:35,0,0,0
BRDA:35,0,1,0
BRDA:36,1,0,0
BRDA:36,1,1,0
BRDA:37,2,0,0
BRDA:37,2,1,0
BRDA:64,3,0,0
BRDA:64,3,1,0
BRDA:65,4,0,0
BRDA:65,4,1,0
BRDA:66,5,0,0
BRDA:66,5,1,0
BRDA:69,6,0,0
BRDA:69,6,1,0
BRDA:73,7,0,0
BRDA:73,7,1,0
BRF:16
BRH:0
end_of_record
TN:
SF:src\shared\services\api.ts
FN:17,(anonymous_1)
FN:30,(anonymous_2)
FN:33,(anonymous_3)
FN:38,(anonymous_4)
FN:41,(anonymous_5)
FN:44,(anonymous_6)
FNF:6
FNH:0
FNDA:0,(anonymous_1)
FNDA:0,(anonymous_2)
FNDA:0,(anonymous_3)
FNDA:0,(anonymous_4)
FNDA:0,(anonymous_5)
FNDA:0,(anonymous_6)
DA:1,1
DA:11,1
DA:17,1
DA:18,0
DA:19,0
DA:22,0
DA:23,0
DA:26,0
DA:29,1
DA:31,0
DA:34,0
DA:37,1
DA:39,0
DA:42,0
DA:45,0
DA:48,1
LF:16
LH:6
BRDA:19,0,0,0
BRDA:22,1,0,0
BRDA:44,2,0,0
BRF:3
BRH:0
end_of_record
TN:
SF:src\shared\utils\format.ts
FN:1,formatPeso
FN:5,signedPeso
FNF:2
FNH:0
FNDA:0,formatPeso
FNDA:0,signedPeso
DA:1,0
DA:2,0
DA:5,0
DA:6,0
LF:4
LH:0
BRDA:6,0,0,0
BRDA:6,0,1,0
BRF:2
BRH:0
end_of_record
